<?xml version="1.0" encoding="UTF-8"?>
<robot generator="Robot 7.1 (Python 3.12.3 on win32)" generated="2024-10-09T17:49:20.159587" rpa="false" schemaversion="5">
<suite id="s1" name="Jimms lisatestit" source="c:\Users\OMISTAJA\Documents\GitHub\Ohjelmistotestaus_projekti\Jimms_lisatestit.robot">
<test id="s1-t1" name="Tarkista löytyykö sivut" line="19">
<kw name="Open Browser" owner="SeleniumLibrary">
<msg time="2024-10-09T17:49:21.857475" level="INFO">Opening browser 'Chrome' to base url 'https://www.jimms.fi'.</msg>
<arg>https://www.jimms.fi</arg>
<arg>Chrome</arg>
<arg>options=add_argument("disable-search-engine-choise-screen"); add_experimental_option("detach", True)</arg>
<doc>Opens a new browser instance to the optional ``url``.</doc>
<status status="PASS" start="2024-10-09T17:49:21.856474" elapsed="5.112743"/>
</kw>
<kw name="Maximize Browser Window" owner="SeleniumLibrary">
<doc>Maximizes current browser window.</doc>
<status status="PASS" start="2024-10-09T17:49:26.976219" elapsed="0.441058"/>
</kw>
<kw name="Create Session" owner="RequestsLibrary">
<msg time="2024-10-09T17:49:27.433278" level="INFO">Creating Session using : alias=website, url=https://www.jimms.fi/fi/Product, headers={},                     cookies={}, auth=None, timeout=None, proxies=None, verify=False,                     debug=0 </msg>
<arg>website</arg>
<arg>${BASE_URL}</arg>
<doc>Create Session: create a HTTP session to a server</doc>
<status status="PASS" start="2024-10-09T17:49:27.432277" elapsed="0.001001"/>
</kw>
<for flavor="IN">
<iter>
<kw name="Get Request" owner="RequestsLibrary">
<msg time="2024-10-09T17:49:27.499681" level="WARN">Keyword 'RequestsLibrary.Get Request' is deprecated. Please use `GET On Session` instead.</msg>
<msg time="2024-10-09T17:49:27.755134" level="INFO">GET Request : url=https://www.jimms.fi/fi/Product/Tietokoneet 
 path_url=/fi/Product/Tietokoneet 
 headers={'User-Agent': 'python-requests/2.32.3', 'Accept-Encoding': 'gzip, deflate', 'Accept': '*/*', 'Connection': 'keep-alive'} 
 body=None 
 </msg>
<msg time="2024-10-09T17:49:27.762125" level="INFO">GET Response : url=https://www.jimms.fi/fi/Product/Tietokoneet 
 status=200, reason=OK 
 headers={'Date': 'Wed, 09 Oct 2024 14:49:28 GMT', 'Content-Type': 'text/html; charset=utf-8', 'Transfer-Encoding': 'chunked', 'Connection': 'keep-alive', 'Cache-Control': 'private,private', 'set-cookie': 'JW.CurrentUICulture=fi; expires=Mon, 09-Oct-2034 14:49:27 GMT; path=/; HttpOnly', 'access-control-allow-origin': 'https://www.jimms.fi', 'CF-Cache-Status': 'DYNAMIC', 'Report-To': '{"endpoints":[{"url":"https:\\/\\/a.nel.cloudflare.com\\/report\\/v4?s=oTbR9YvZ5IDUj%2F2p81dFVn9gXAqWRhkYdniuMcvdED4rFVj0Q63TeO%2BrgyRVpwTvJl7%2BQTpwr6sIfxDlXTSlHjp8llQ34VL4%2B%2FOmrAKEPCmG3AENUJOaXHtVap6nPw%3D%3D"}],"group":"cf-nel","max_age":604800}', 'NEL': '{"success_fraction":0,"report_to":"cf-nel","max_age":604800}', 'Server': 'cloudflare', 'CF-RAY': '8cff2d6de8248d6d-HEL', 'Content-Encoding': 'gzip', 'alt-svc': 'h3=":443"; ma=86400'} 
 body=
&lt;!DOCTYPE html&gt;
&lt;html lang="fi"&gt;
&lt;head&gt;
    &lt;meta charset="utf-8" /&gt;
    &lt;meta http-equiv="Content-Type" content="text/html; utf-8" /&gt;
    &lt;meta http-equiv="Content-language" content="fi" /&gt;

    &lt;meta name="viewport" content="width=device-width, initial-scale=1.0, minimum-scale=1.0, maximum-scale=2, user-scalable=yes, viewport-fit=auto"&gt;
    &lt;meta http-equiv="X-UA-Compatible" content="IE=edge,chrome=1" /&gt;
    &lt;meta name="format-detection" content="telephone=no" /&gt;
    &lt;meta http-equiv="cache-control" content="max-age=0" /&gt;
    &lt;meta http-equiv="cache-control" content="no-cache" /&gt;
    &lt;meta http-equiv="expires" content="0" /&gt;
    &lt;meta http-equiv="expires" content="Tue, 01 Jan 1980 1:00:00 GMT" /&gt;
    &lt;meta http-equiv="pragma" content="no-cache" /&gt;

    &lt;meta property="og:title" content="Tietokoneet - Jimms.fi"&gt;
&lt;meta property="og:url" content="https://www.jimms.fi/fi/Product/Tietokoneet"&gt;
&lt;meta property="og:image" content="http://www.jimms.fi/Content/Images/site/jimmsog.jpg"&gt;
&lt;meta property="og:image:secure_url" content="https://www.jimms.fi/Content/Images/site/jimmsog.jpg"&gt;
&lt;meta property="og:image:type" content="image/jpeg"&gt;
&lt;meta property="og:image:width" content="1200"&gt;
&lt;meta property="og:image:height" content="630"&gt;
&lt;meta property="og:description" content="Valikoimastamme l&amp;#246;yd&amp;#228;t pelikoneet, p&amp;#246;yt&amp;#228;koneet, kannettavat sek&amp;#228; tabletit jokaiseen makuun. Ja nettitilauksiin ilmaiset postikulut!"&gt;
&lt;meta property="og:site_name" content="Jimms.fi"&gt;
&lt;meta property="fb:app_id" content="297181540295864"&gt;
&lt;meta name="description" content="Valikoimastamme l&amp;#246;yd&amp;#228;t pelikoneet, p&amp;#246;yt&amp;#228;koneet, kannettavat sek&amp;#228; tabletit jokaiseen makuun. Ja nettitilauksiin ilmaiset postikulut!" /&gt;

    

	&lt;meta name="application-name" content="Jimms.fi"&gt;
	&lt;meta name="msapplication-TileColor" content="#333333"/&gt;
	&lt;meta name="msapplication-TileImage" content="/Content/SiteIcons/mstile-144x144.png"/&gt;
	&lt;meta name="theme-color" content="#bb3300"/&gt;

	&lt;link rel="apple-touch-icon" sizes="57x57" href="/Content/SiteIcons/apple-touch-icon-57x57.png"/&gt;
	&lt;link rel="apple-touch-icon" sizes="60x60" href="/Content/SiteIcons/apple-touch-icon-60x60.png"/&gt;
	&lt;link rel="apple-touch-icon" sizes="72x72" href="/Content/SiteIcons/apple-touch-icon-72x72.png"/&gt;
	&lt;link rel="apple-touch-icon" sizes="76x76" href="/Content/SiteIcons/apple-touch-icon-76x76.png"/&gt;
	&lt;link rel="apple-touch-icon" sizes="114x114" href="/Content/SiteIcons/apple-touch-icon-114x114.png"/&gt;
	&lt;link rel="apple-touch-icon" sizes="120x120" href="/Content/SiteIcons/apple-touch-icon-120x120.png"/&gt;
	&lt;link rel="apple-touch-icon" sizes="144x144" href="/Content/SiteIcons/apple-touch-icon-144x144.png"/&gt;
	&lt;link rel="apple-touch-icon" sizes="152x152" href="/Content/SiteIcons/apple-touch-icon-152x152.png"/&gt;
	&lt;link rel="apple-touch-icon" sizes="180x180" href="/Content/SiteIcons/apple-touch-icon-180x180.png"/&gt;
	
	&lt;link rel="icon" type="image/png" href="/Content/SiteIcons/favicon-32x32.png" sizes="32x32"/&gt;
	&lt;link rel="icon" type="image/png" href="/Content/SiteIcons/android-chrome-192x192.png" sizes="192x192"/&gt;
	&lt;link rel="icon" type="image/png" href="/Content/SiteIcons/favicon-96x96.png" sizes="96x96"/&gt;
	&lt;link rel="icon" type="image/png" href="/Content/SiteIcons/favicon-16x16.png" sizes="16x16"/&gt;
	
	&lt;link rel="manifest" href="/manifest.json?v4"/&gt;

	

    &lt;title&gt;Tietokoneet - Jimms.fi&lt;/title&gt;

    
    &lt;link rel="preload" href="/Content/fonts/opensans.woff2" as="font" type="font/woff2" crossorigin&gt;
    &lt;link rel="preload" href="/Content/fonts/material-icons-round.woff2" as="font" type="font/woff2" crossorigin&gt;
    
    &lt;link async rel="stylesheet" type="text/css" href="/Content/libs.min.css?v=fl_8" /&gt;
    &lt;link defer rel="stylesheet" type="text/css" href="/Content/jimms.min.css?v=fl_45" /&gt;

    
    &lt;script type="text/javascript"&gt;
        var languageCode = "fi";

        window.defaultTheme = 'auto';
        

    &lt;/script&gt;
    &lt;script type="text/javascript" src="/Scripts/app.bundle.js?v=fl_6"&gt;&lt;/script&gt;
    &lt;script type="text/javascript" src="/Scripts/jimmsfi.min.js?v=fl_45"&gt;&lt;/script&gt;

    
    &lt;script type="text/javascript"&gt;
        viewModel.ShoppingCart = new jimmsfi.ShoppingCartViewModel(true, 0, 0);
        

        window.DY = window.DY || {};
        DY.userActiveConsent = { accepted: false }
        DY.recommendationContext = {
            type: 'CATEGORY', 
            data: ['Tietokoneet'],
            lng: 'fi_FI'
        };
    &lt;/script&gt;

    
    &lt;script type="text/javascript"&gt;
        
        window.dataLayer = window.dataLayer || [];
        function gtag() { dataLayer.push(arguments); }

        gtag('consent', 'default', {'functionality_storage':'granted','security_storage':'granted','analytics_storage':'denied','personalization_storage':'denied','ad_storage':'denied','ad_user_data': 'denied','ad_personalization':'denied',wait_for_update: 100}); 

        dataLayer.push({'event': 'page_information', 'pageType': 'category'});
        dataLayer.push({'event': 'page_Theme','pageTheme': window.currentTheme});

        window.gtm_consent = {'analytics_storage':'denied','personalization_storage':'denied','ad_storage':'denied','ad_user_data': 'denied','ad_personalization':'denied'};
        gtag('set', 'ads_data_redaction', true);
    &lt;/script&gt;

    &lt;script type="text/javascript" src="/Scripts/ui.bundle.js?v=fl_8"&gt;&lt;/script&gt;
    &lt;script type="text/javascript" src="/Scripts/elements.min.js?v=fl_25"&gt;&lt;/script&gt;

    
    
 

	&lt;!-- Google Tag Manager --&gt;
&lt;script&gt;(function(w,d,s,l,i){w[l]=w[l]||[];w[l].push({'gtm.start':
new Date().getTime(),event:'gtm.js'});var f=d.getElementsByTagName(s)[0],
j=d.createElement(s),dl=l!='dataLayer'?'&amp;l='+l:'';j.async=true;j.src=
'https://www.googletagmanager.com/gtm.js?id='+i+dl;f.parentNode.insertBefore(j,f);
})(window,document,'script','dataLayer','GTM-MTKJJ5');&lt;/script&gt;
&lt;!-- End Google Tag Manager --&gt;


    






 
    



    &lt;link rel="preconnect" href="//cdn-eu.dynamicyield.com"&gt;
    &lt;link rel="preconnect" href="//st-eu.dynamicyield.com"&gt;
    &lt;link rel="preconnect" href="//rcom-eu.dynamicyield.com"&gt;
    &lt;link rel="dns-prefetch" href="//cdn-eu.dynamicyield.com"&gt;
    &lt;link rel="dns-prefetch" href="//st-eu.dynamicyield.com"&gt;
    &lt;link rel="dns-prefetch" href="//rcom-eu.dynamicyield.com"&gt;


    &lt;script type="text/plain" data-category="analytics_cookies" src="//cdn-eu.dynamicyield.com/api/9879196/api_dynamic.js"&gt;&lt;/script&gt;
    &lt;script type="text/plain" data-category="analytics_cookies" src="//cdn-eu.dynamicyield.com/api/9879196/api_static.js"&gt;&lt;/script&gt; 


    
&lt;/head&gt;

&lt;body&gt;

    &lt;!-- Google Tag Manager (noscript) --&gt;
&lt;noscript&gt;&lt;iframe src="https://www.googletagmanager.com/ns.html?id=GTM-MTKJJ5"
height="0" width="0" style="display:none;visibility:hidden"&gt;&lt;/iframe&gt;&lt;/noscript&gt;
&lt;!-- End Google Tag Manager (noscript) --&gt;

    

    &lt;div class="jim-toplinkbar"&gt;
    &lt;div class="container"&gt;

        &lt;a href="https://blog.jimms.fi" target=_blank&gt;Blogi&lt;/a&gt;
        &lt;a href="/fi/Info/Faq"&gt;UKK&lt;/a&gt;
        &lt;a href="/fi/Pages/B2B"&gt;Yritysmyynti&lt;/a&gt;
        &lt;a href="/fi/Info/Contact"&gt;Yhteystiedot&lt;/a&gt;

        &lt;div class="separator-line"&gt;

            &lt;span role="button" class="dropdown-toggle btn-icon" data-bs-toggle="dropdown" aria-haspopup="true" aria-expanded="false"&gt;
                &lt;i class="material-icon theme-icon-active"&gt;dark_mode&lt;/i&gt;
            &lt;/span&gt;

            &lt;ul class="dropdown-menu dropdown-menu-end" role="menu" style="z-index: 1100; --bs-dropdown-min-width: 12rem;"&gt;
                &lt;li&gt;&lt;button class="dropdown-item d-flex align-items-center gap-2" data-bs-theme-value="light"&gt;&lt;i class="material-icon theme-icon"&gt;light_mode&lt;/i&gt; Vaalea &lt;i class="material-icon ms-auto theme-active-check d-none"&gt;check&lt;/i&gt;&lt;/button&gt;&lt;/li&gt;
                &lt;li&gt;&lt;button class="dropdown-item d-flex align-items-center gap-2" data-bs-theme-value="dark"&gt;&lt;i class="material-icon"&gt;dark_mode&lt;/i&gt; Tumma &lt;i class="material-icon ms-auto theme-active-check d-none"&gt;check&lt;/i&gt;&lt;/button&gt;&lt;/li&gt;
                &lt;li&gt;&lt;button class="dropdown-item d-flex align-items-center gap-2" data-bs-theme-value="auto"&gt;&lt;i class="material-icon"&gt;brightness_medium&lt;/i&gt; Automaattinen &lt;i class="material-icon ms-auto theme-active-check d-none"&gt;check&lt;/i&gt;&lt;/button&gt;&lt;/li&gt;
            &lt;/ul&gt;
        &lt;/div&gt;

        &lt;jim-store-language class="jim-store-language separator-line"&gt;

            &lt;span role="button" class="dropdown-toggle text-uppercase" data-bs-toggle="dropdown" aria-haspopup="true" aria-expanded="false"&gt;
                fi
            &lt;/span&gt;

            &lt;ul class="dropdown-menu dropdown-menu-end" role="menu" style="z-index: 1100"&gt;
                &lt;li&gt;&lt;a class="dropdown-item" href="/fi/Home/ChangeCurrentCulture?newlang=fi"&gt;&lt;div class="flag-fi img-fluid border-radius-circle d-inline-block me-2" style="width: 1rem; height: 1rem"&gt;&lt;/div&gt; Suomi&lt;/a&gt;&lt;/li&gt;
                
            &lt;/ul&gt;
        &lt;/jim-store-language&gt;
    &lt;/div&gt;
&lt;/div&gt;

&lt;script&gt;
    const showActiveTheme = theme =&gt; {
        const activeThemeIcon = document.querySelector('i.theme-icon-active');
        const btnToActive = document.querySelector(`[data-bs-theme-value="${theme}"]`);
        document.querySelectorAll('[data-bs-theme-value] &gt; i.theme-active-check').forEach(element =&gt; {
            if (element.parentNode == btnToActive) {
                element.classList.remove('d-none');
                activeThemeIcon.innerHTML = btnToActive.childNodes[0].innerHTML;
            }
            else {
                element.classList.add('d-none');
            }
        });
    }
    showActiveTheme(getPreferredTheme());
   
    window.addEventListener('DOMContentLoaded', () =&gt; {
        document.querySelectorAll('[data-bs-theme-value]').forEach(toggle =&gt; {
            toggle.addEventListener('click', () =&gt; {
                const... (set the log level to DEBUG or TRACE to see the full content) 
 </msg>
<msg time="2024-10-09T17:49:27.766132" level="INFO">C:\Users\OMISTAJA\AppData\Local\Programs\Python\Python312\Lib\site-packages\urllib3\connectionpool.py:1099: InsecureRequestWarning: Unverified HTTPS request is being made to host 'www.jimms.fi'. Adding certificate verification is strongly advised. See: https://urllib3.readthedocs.io/en/latest/advanced-usage.html#tls-warnings
  warnings.warn(</msg>
<msg time="2024-10-09T17:49:27.778125" level="INFO">${response} = &lt;Response [200]&gt;</msg>
<var>${response}</var>
<arg>website</arg>
<arg>${page}</arg>
<doc>*DEPRECATED* Please use `GET On Session` instead.</doc>
<status status="PASS" start="2024-10-09T17:49:27.498669" elapsed="0.280465"/>
</kw>
<kw name="Run Keyword If" owner="BuiltIn">
<arg>${response.status_code} != 200</arg>
<arg>Log</arg>
<arg>ERROR: Page ${page} not found! Status code: ${response.status_code}</arg>
<arg>level=ERROR</arg>
<doc>Runs the given keyword with the given arguments, if ``condition`` is true.</doc>
<status status="PASS" start="2024-10-09T17:49:27.779134" elapsed="0.002990"/>
</kw>
<kw name="Run Keyword If" owner="BuiltIn">
<kw name="Log" owner="BuiltIn">
<msg time="2024-10-09T17:49:27.784119" level="INFO">Page /Tietokoneet exists</msg>
<arg>Page ${page} exists</arg>
<doc>Logs the given message with the given level.</doc>
<status status="PASS" start="2024-10-09T17:49:27.784119" elapsed="0.000000"/>
</kw>
<arg>${response.status_code} == 200</arg>
<arg>Log</arg>
<arg>Page ${page} exists</arg>
<doc>Runs the given keyword with the given arguments, if ``condition`` is true.</doc>
<status status="PASS" start="2024-10-09T17:49:27.782124" elapsed="0.002995"/>
</kw>
<var name="${page}">/Tietokoneet</var>
<status status="PASS" start="2024-10-09T17:49:27.498157" elapsed="0.286962"/>
</iter>
<iter>
<kw name="Get Request" owner="RequestsLibrary">
<msg time="2024-10-09T17:49:27.787125" level="WARN">Keyword 'RequestsLibrary.Get Request' is deprecated. Please use `GET On Session` instead.</msg>
<msg time="2024-10-09T17:49:27.879120" level="INFO">GET Request : url=https://www.jimms.fi/fi/Product/Komponentit 
 path_url=/fi/Product/Komponentit 
 headers={'User-Agent': 'python-requests/2.32.3', 'Accept-Encoding': 'gzip, deflate', 'Accept': '*/*', 'Connection': 'keep-alive', 'Cookie': 'JW.CurrentUICulture=fi'} 
 body=None 
 </msg>
<msg time="2024-10-09T17:49:27.881119" level="INFO">GET Response : url=https://www.jimms.fi/fi/Product/Komponentit 
 status=200, reason=OK 
 headers={'Date': 'Wed, 09 Oct 2024 14:49:28 GMT', 'Content-Type': 'text/html; charset=utf-8', 'Transfer-Encoding': 'chunked', 'Connection': 'keep-alive', 'Cache-Control': 'private,private', 'access-control-allow-origin': 'https://www.jimms.fi', 'CF-Cache-Status': 'DYNAMIC', 'Report-To': '{"endpoints":[{"url":"https:\\/\\/a.nel.cloudflare.com\\/report\\/v4?s=i%2B5D7e%2BdWl0HqzzdVt2FFXpGKJYrH%2BcQRB%2B1DP11sI%2FQxjR%2BvFFViqTKRp7Db4qkRtYqGEMwJOMhiFzma6ADBPoA7L4j0bxpZfljkZ9%2B4D8gcj5vxATWUypC%2F8fE2A%3D%3D"}],"group":"cf-nel","max_age":604800}', 'NEL': '{"success_fraction":0,"report_to":"cf-nel","max_age":604800}', 'Server': 'cloudflare', 'CF-RAY': '8cff2d6eb9728d6d-HEL', 'Content-Encoding': 'gzip', 'alt-svc': 'h3=":443"; ma=86400'} 
 body=
&lt;!DOCTYPE html&gt;
&lt;html lang="fi"&gt;
&lt;head&gt;
    &lt;meta charset="utf-8" /&gt;
    &lt;meta http-equiv="Content-Type" content="text/html; utf-8" /&gt;
    &lt;meta http-equiv="Content-language" content="fi" /&gt;

    &lt;meta name="viewport" content="width=device-width, initial-scale=1.0, minimum-scale=1.0, maximum-scale=2, user-scalable=yes, viewport-fit=auto"&gt;
    &lt;meta http-equiv="X-UA-Compatible" content="IE=edge,chrome=1" /&gt;
    &lt;meta name="format-detection" content="telephone=no" /&gt;
    &lt;meta http-equiv="cache-control" content="max-age=0" /&gt;
    &lt;meta http-equiv="cache-control" content="no-cache" /&gt;
    &lt;meta http-equiv="expires" content="0" /&gt;
    &lt;meta http-equiv="expires" content="Tue, 01 Jan 1980 1:00:00 GMT" /&gt;
    &lt;meta http-equiv="pragma" content="no-cache" /&gt;

    &lt;meta property="og:title" content="Komponentit - Jimms.fi"&gt;
&lt;meta property="og:url" content="https://www.jimms.fi/fi/Product/Komponentit"&gt;
&lt;meta property="og:image" content="http://www.jimms.fi/Content/Images/site/jimmsog.jpg"&gt;
&lt;meta property="og:image:secure_url" content="https://www.jimms.fi/Content/Images/site/jimmsog.jpg"&gt;
&lt;meta property="og:image:type" content="image/jpeg"&gt;
&lt;meta property="og:image:width" content="1200"&gt;
&lt;meta property="og:image:height" content="630"&gt;
&lt;meta property="og:description" content="Suomen kattavin valikoima komponentteja peruskoneen tai tehokkaan peli- ja ty&amp;#246;tietokoneen rakentamoiseen. Ja nettitilauksiin ilmaiset postikulut!"&gt;
&lt;meta property="og:site_name" content="Jimms.fi"&gt;
&lt;meta property="fb:app_id" content="297181540295864"&gt;
&lt;meta name="description" content="Suomen kattavin valikoima komponentteja peruskoneen tai tehokkaan peli- ja ty&amp;#246;tietokoneen rakentamoiseen. Ja nettitilauksiin ilmaiset postikulut!" /&gt;

    

	&lt;meta name="application-name" content="Jimms.fi"&gt;
	&lt;meta name="msapplication-TileColor" content="#333333"/&gt;
	&lt;meta name="msapplication-TileImage" content="/Content/SiteIcons/mstile-144x144.png"/&gt;
	&lt;meta name="theme-color" content="#bb3300"/&gt;

	&lt;link rel="apple-touch-icon" sizes="57x57" href="/Content/SiteIcons/apple-touch-icon-57x57.png"/&gt;
	&lt;link rel="apple-touch-icon" sizes="60x60" href="/Content/SiteIcons/apple-touch-icon-60x60.png"/&gt;
	&lt;link rel="apple-touch-icon" sizes="72x72" href="/Content/SiteIcons/apple-touch-icon-72x72.png"/&gt;
	&lt;link rel="apple-touch-icon" sizes="76x76" href="/Content/SiteIcons/apple-touch-icon-76x76.png"/&gt;
	&lt;link rel="apple-touch-icon" sizes="114x114" href="/Content/SiteIcons/apple-touch-icon-114x114.png"/&gt;
	&lt;link rel="apple-touch-icon" sizes="120x120" href="/Content/SiteIcons/apple-touch-icon-120x120.png"/&gt;
	&lt;link rel="apple-touch-icon" sizes="144x144" href="/Content/SiteIcons/apple-touch-icon-144x144.png"/&gt;
	&lt;link rel="apple-touch-icon" sizes="152x152" href="/Content/SiteIcons/apple-touch-icon-152x152.png"/&gt;
	&lt;link rel="apple-touch-icon" sizes="180x180" href="/Content/SiteIcons/apple-touch-icon-180x180.png"/&gt;
	
	&lt;link rel="icon" type="image/png" href="/Content/SiteIcons/favicon-32x32.png" sizes="32x32"/&gt;
	&lt;link rel="icon" type="image/png" href="/Content/SiteIcons/android-chrome-192x192.png" sizes="192x192"/&gt;
	&lt;link rel="icon" type="image/png" href="/Content/SiteIcons/favicon-96x96.png" sizes="96x96"/&gt;
	&lt;link rel="icon" type="image/png" href="/Content/SiteIcons/favicon-16x16.png" sizes="16x16"/&gt;
	
	&lt;link rel="manifest" href="/manifest.json?v4"/&gt;

	

    &lt;title&gt;Komponentit - Jimms.fi&lt;/title&gt;

    
    &lt;link rel="preload" href="/Content/fonts/opensans.woff2" as="font" type="font/woff2" crossorigin&gt;
    &lt;link rel="preload" href="/Content/fonts/material-icons-round.woff2" as="font" type="font/woff2" crossorigin&gt;
    
    &lt;link async rel="stylesheet" type="text/css" href="/Content/libs.min.css?v=fl_8" /&gt;
    &lt;link defer rel="stylesheet" type="text/css" href="/Content/jimms.min.css?v=fl_45" /&gt;

    
    &lt;script type="text/javascript"&gt;
        var languageCode = "fi";

        window.defaultTheme = 'auto';
        

    &lt;/script&gt;
    &lt;script type="text/javascript" src="/Scripts/app.bundle.js?v=fl_6"&gt;&lt;/script&gt;
    &lt;script type="text/javascript" src="/Scripts/jimmsfi.min.js?v=fl_45"&gt;&lt;/script&gt;

    
    &lt;script type="text/javascript"&gt;
        viewModel.ShoppingCart = new jimmsfi.ShoppingCartViewModel(true, 0, 0);
        

        window.DY = window.DY || {};
        DY.userActiveConsent = { accepted: false }
        DY.recommendationContext = {
            type: 'CATEGORY', 
            data: ['Komponentit'],
            lng: 'fi_FI'
        };
    &lt;/script&gt;

    
    &lt;script type="text/javascript"&gt;
        
        window.dataLayer = window.dataLayer || [];
        function gtag() { dataLayer.push(arguments); }

        gtag('consent', 'default', {'functionality_storage':'granted','security_storage':'granted','analytics_storage':'denied','personalization_storage':'denied','ad_storage':'denied','ad_user_data': 'denied','ad_personalization':'denied',wait_for_update: 100}); 

        dataLayer.push({'event': 'page_information', 'pageType': 'category'});
        dataLayer.push({'event': 'page_Theme','pageTheme': window.currentTheme});

        window.gtm_consent = {'analytics_storage':'denied','personalization_storage':'denied','ad_storage':'denied','ad_user_data': 'denied','ad_personalization':'denied'};
        gtag('set', 'ads_data_redaction', true);
    &lt;/script&gt;

    &lt;script type="text/javascript" src="/Scripts/ui.bundle.js?v=fl_8"&gt;&lt;/script&gt;
    &lt;script type="text/javascript" src="/Scripts/elements.min.js?v=fl_25"&gt;&lt;/script&gt;

    
    
 

	&lt;!-- Google Tag Manager --&gt;
&lt;script&gt;(function(w,d,s,l,i){w[l]=w[l]||[];w[l].push({'gtm.start':
new Date().getTime(),event:'gtm.js'});var f=d.getElementsByTagName(s)[0],
j=d.createElement(s),dl=l!='dataLayer'?'&amp;l='+l:'';j.async=true;j.src=
'https://www.googletagmanager.com/gtm.js?id='+i+dl;f.parentNode.insertBefore(j,f);
})(window,document,'script','dataLayer','GTM-MTKJJ5');&lt;/script&gt;
&lt;!-- End Google Tag Manager --&gt;


    






 
    



    &lt;link rel="preconnect" href="//cdn-eu.dynamicyield.com"&gt;
    &lt;link rel="preconnect" href="//st-eu.dynamicyield.com"&gt;
    &lt;link rel="preconnect" href="//rcom-eu.dynamicyield.com"&gt;
    &lt;link rel="dns-prefetch" href="//cdn-eu.dynamicyield.com"&gt;
    &lt;link rel="dns-prefetch" href="//st-eu.dynamicyield.com"&gt;
    &lt;link rel="dns-prefetch" href="//rcom-eu.dynamicyield.com"&gt;


    &lt;script type="text/plain" data-category="analytics_cookies" src="//cdn-eu.dynamicyield.com/api/9879196/api_dynamic.js"&gt;&lt;/script&gt;
    &lt;script type="text/plain" data-category="analytics_cookies" src="//cdn-eu.dynamicyield.com/api/9879196/api_static.js"&gt;&lt;/script&gt; 


    
&lt;/head&gt;

&lt;body&gt;

    &lt;!-- Google Tag Manager (noscript) --&gt;
&lt;noscript&gt;&lt;iframe src="https://www.googletagmanager.com/ns.html?id=GTM-MTKJJ5"
height="0" width="0" style="display:none;visibility:hidden"&gt;&lt;/iframe&gt;&lt;/noscript&gt;
&lt;!-- End Google Tag Manager (noscript) --&gt;

    

    &lt;div class="jim-toplinkbar"&gt;
    &lt;div class="container"&gt;

        &lt;a href="https://blog.jimms.fi" target=_blank&gt;Blogi&lt;/a&gt;
        &lt;a href="/fi/Info/Faq"&gt;UKK&lt;/a&gt;
        &lt;a href="/fi/Pages/B2B"&gt;Yritysmyynti&lt;/a&gt;
        &lt;a href="/fi/Info/Contact"&gt;Yhteystiedot&lt;/a&gt;

        &lt;div class="separator-line"&gt;

            &lt;span role="button" class="dropdown-toggle btn-icon" data-bs-toggle="dropdown" aria-haspopup="true" aria-expanded="false"&gt;
                &lt;i class="material-icon theme-icon-active"&gt;dark_mode&lt;/i&gt;
            &lt;/span&gt;

            &lt;ul class="dropdown-menu dropdown-menu-end" role="menu" style="z-index: 1100; --bs-dropdown-min-width: 12rem;"&gt;
                &lt;li&gt;&lt;button class="dropdown-item d-flex align-items-center gap-2" data-bs-theme-value="light"&gt;&lt;i class="material-icon theme-icon"&gt;light_mode&lt;/i&gt; Vaalea &lt;i class="material-icon ms-auto theme-active-check d-none"&gt;check&lt;/i&gt;&lt;/button&gt;&lt;/li&gt;
                &lt;li&gt;&lt;button class="dropdown-item d-flex align-items-center gap-2" data-bs-theme-value="dark"&gt;&lt;i class="material-icon"&gt;dark_mode&lt;/i&gt; Tumma &lt;i class="material-icon ms-auto theme-active-check d-none"&gt;check&lt;/i&gt;&lt;/button&gt;&lt;/li&gt;
                &lt;li&gt;&lt;button class="dropdown-item d-flex align-items-center gap-2" data-bs-theme-value="auto"&gt;&lt;i class="material-icon"&gt;brightness_medium&lt;/i&gt; Automaattinen &lt;i class="material-icon ms-auto theme-active-check d-none"&gt;check&lt;/i&gt;&lt;/button&gt;&lt;/li&gt;
            &lt;/ul&gt;
        &lt;/div&gt;

        &lt;jim-store-language class="jim-store-language separator-line"&gt;

            &lt;span role="button" class="dropdown-toggle text-uppercase" data-bs-toggle="dropdown" aria-haspopup="true" aria-expanded="false"&gt;
                fi
            &lt;/span&gt;

            &lt;ul class="dropdown-menu dropdown-menu-end" role="menu" style="z-index: 1100"&gt;
                &lt;li&gt;&lt;a class="dropdown-item" href="/fi/Home/ChangeCurrentCulture?newlang=fi"&gt;&lt;div class="flag-fi img-fluid border-radius-circle d-inline-block me-2" style="width: 1rem; height: 1rem"&gt;&lt;/div&gt; Suomi&lt;/a&gt;&lt;/li&gt;
                
            &lt;/ul&gt;
        &lt;/jim-store-language&gt;
    &lt;/div&gt;
&lt;/div&gt;

&lt;script&gt;
    const showActiveTheme = theme =&gt; {
        const activeThemeIcon = document.querySelector('i.theme-icon-active');
        const btnToActive = document.querySelector(`[data-bs-theme-value="${theme}"]`);
        document.querySelectorAll('[data-bs-theme-value] &gt; i.theme-active-check').forEach(element =&gt; {
            if (element.parentNode == btnToActive) {
                element.classList.remove('d-none');
                activeThemeIcon.innerHTML = btnToActive.childNodes[0].innerHTML;
            }
            else {
                element.classList.add('d-none');
            }
        });
    }
    showActiveTheme(getPreferredTheme());
   
    window.addEventListener('DOMContentLoaded', () =&gt; {
        document.querySelectorAll('[data-bs-theme-value]').forEach(toggle =&gt; {
            toggle.addEventListener('click', () =&gt; {
                const theme = tog... (set the log level to DEBUG or TRACE to see the full content) 
 </msg>
<msg time="2024-10-09T17:49:27.883120" level="INFO">C:\Users\OMISTAJA\AppData\Local\Programs\Python\Python312\Lib\site-packages\urllib3\connectionpool.py:1099: InsecureRequestWarning: Unverified HTTPS request is being made to host 'www.jimms.fi'. Adding certificate verification is strongly advised. See: https://urllib3.readthedocs.io/en/latest/advanced-usage.html#tls-warnings
  warnings.warn(</msg>
<msg time="2024-10-09T17:49:27.887121" level="INFO">${response} = &lt;Response [200]&gt;</msg>
<var>${response}</var>
<arg>website</arg>
<arg>${page}</arg>
<doc>*DEPRECATED* Please use `GET On Session` instead.</doc>
<status status="PASS" start="2024-10-09T17:49:27.786121" elapsed="0.102000"/>
</kw>
<kw name="Run Keyword If" owner="BuiltIn">
<arg>${response.status_code} != 200</arg>
<arg>Log</arg>
<arg>ERROR: Page ${page} not found! Status code: ${response.status_code}</arg>
<arg>level=ERROR</arg>
<doc>Runs the given keyword with the given arguments, if ``condition`` is true.</doc>
<status status="PASS" start="2024-10-09T17:49:27.888121" elapsed="0.002002"/>
</kw>
<kw name="Run Keyword If" owner="BuiltIn">
<kw name="Log" owner="BuiltIn">
<msg time="2024-10-09T17:49:27.894126" level="INFO">Page /Komponentit exists</msg>
<arg>Page ${page} exists</arg>
<doc>Logs the given message with the given level.</doc>
<status status="PASS" start="2024-10-09T17:49:27.893119" elapsed="0.001007"/>
</kw>
<arg>${response.status_code} == 200</arg>
<arg>Log</arg>
<arg>Page ${page} exists</arg>
<doc>Runs the given keyword with the given arguments, if ``condition`` is true.</doc>
<status status="PASS" start="2024-10-09T17:49:27.891122" elapsed="0.004002"/>
</kw>
<var name="${page}">/Komponentit</var>
<status status="PASS" start="2024-10-09T17:49:27.785119" elapsed="0.110005"/>
</iter>
<iter>
<kw name="Get Request" owner="RequestsLibrary">
<msg time="2024-10-09T17:49:27.897119" level="WARN">Keyword 'RequestsLibrary.Get Request' is deprecated. Please use `GET On Session` instead.</msg>
<msg time="2024-10-09T17:49:27.982123" level="INFO">GET Request : url=https://www.jimms.fi/fi/Product/Oheislaitteet 
 path_url=/fi/Product/Oheislaitteet 
 headers={'User-Agent': 'python-requests/2.32.3', 'Accept-Encoding': 'gzip, deflate', 'Accept': '*/*', 'Connection': 'keep-alive', 'Cookie': 'JW.CurrentUICulture=fi'} 
 body=None 
 </msg>
<msg time="2024-10-09T17:49:27.985118" level="INFO">GET Response : url=https://www.jimms.fi/fi/Product/Oheislaitteet 
 status=200, reason=OK 
 headers={'Date': 'Wed, 09 Oct 2024 14:49:28 GMT', 'Content-Type': 'text/html; charset=utf-8', 'Transfer-Encoding': 'chunked', 'Connection': 'keep-alive', 'Cache-Control': 'private,private', 'access-control-allow-origin': 'https://www.jimms.fi', 'CF-Cache-Status': 'DYNAMIC', 'Report-To': '{"endpoints":[{"url":"https:\\/\\/a.nel.cloudflare.com\\/report\\/v4?s=XA707wKVkJvKExj9o%2BVtn1EY9vA2lNN1dY7Zk25XY%2FphkJ4sm674QbOw9ThYhUJiDYL%2F0ZlkYYuL07TbjVId2LsVEmMcDTqUDYA27ZfaOoeapOU%2F5I4nvyQnjvK7TQ%3D%3D"}],"group":"cf-nel","max_age":604800}', 'NEL': '{"success_fraction":0,"report_to":"cf-nel","max_age":604800}', 'Server': 'cloudflare', 'CF-RAY': '8cff2d6f4a0e8d6d-HEL', 'Content-Encoding': 'gzip', 'alt-svc': 'h3=":443"; ma=86400'} 
 body=
&lt;!DOCTYPE html&gt;
&lt;html lang="fi"&gt;
&lt;head&gt;
    &lt;meta charset="utf-8" /&gt;
    &lt;meta http-equiv="Content-Type" content="text/html; utf-8" /&gt;
    &lt;meta http-equiv="Content-language" content="fi" /&gt;

    &lt;meta name="viewport" content="width=device-width, initial-scale=1.0, minimum-scale=1.0, maximum-scale=2, user-scalable=yes, viewport-fit=auto"&gt;
    &lt;meta http-equiv="X-UA-Compatible" content="IE=edge,chrome=1" /&gt;
    &lt;meta name="format-detection" content="telephone=no" /&gt;
    &lt;meta http-equiv="cache-control" content="max-age=0" /&gt;
    &lt;meta http-equiv="cache-control" content="no-cache" /&gt;
    &lt;meta http-equiv="expires" content="0" /&gt;
    &lt;meta http-equiv="expires" content="Tue, 01 Jan 1980 1:00:00 GMT" /&gt;
    &lt;meta http-equiv="pragma" content="no-cache" /&gt;

    &lt;meta property="og:title" content="Oheislaitteet - Jimms.fi"&gt;
&lt;meta property="og:url" content="https://www.jimms.fi/fi/Product/Oheislaitteet"&gt;
&lt;meta property="og:image" content="http://www.jimms.fi/Content/Images/site/jimmsog.jpg"&gt;
&lt;meta property="og:image:secure_url" content="https://www.jimms.fi/Content/Images/site/jimmsog.jpg"&gt;
&lt;meta property="og:image:type" content="image/jpeg"&gt;
&lt;meta property="og:image:width" content="1200"&gt;
&lt;meta property="og:image:height" content="630"&gt;
&lt;meta property="og:description" content="L&amp;#246;yd&amp;#228;t meilt&amp;#228; n&amp;#228;pp&amp;#228;imist&amp;#246;t, hiiret, kuulokkeet, tulostimet, ylij&amp;#228;nnitesuojat sek&amp;#228; paljon muuta! Ja nettitilauksiin ilmaiset postikulut!"&gt;
&lt;meta property="og:site_name" content="Jimms.fi"&gt;
&lt;meta property="fb:app_id" content="297181540295864"&gt;
&lt;meta name="description" content="L&amp;#246;yd&amp;#228;t meilt&amp;#228; n&amp;#228;pp&amp;#228;imist&amp;#246;t, hiiret, kuulokkeet, tulostimet, ylij&amp;#228;nnitesuojat sek&amp;#228; paljon muuta! Ja nettitilauksiin ilmaiset postikulut!" /&gt;

    

	&lt;meta name="application-name" content="Jimms.fi"&gt;
	&lt;meta name="msapplication-TileColor" content="#333333"/&gt;
	&lt;meta name="msapplication-TileImage" content="/Content/SiteIcons/mstile-144x144.png"/&gt;
	&lt;meta name="theme-color" content="#bb3300"/&gt;

	&lt;link rel="apple-touch-icon" sizes="57x57" href="/Content/SiteIcons/apple-touch-icon-57x57.png"/&gt;
	&lt;link rel="apple-touch-icon" sizes="60x60" href="/Content/SiteIcons/apple-touch-icon-60x60.png"/&gt;
	&lt;link rel="apple-touch-icon" sizes="72x72" href="/Content/SiteIcons/apple-touch-icon-72x72.png"/&gt;
	&lt;link rel="apple-touch-icon" sizes="76x76" href="/Content/SiteIcons/apple-touch-icon-76x76.png"/&gt;
	&lt;link rel="apple-touch-icon" sizes="114x114" href="/Content/SiteIcons/apple-touch-icon-114x114.png"/&gt;
	&lt;link rel="apple-touch-icon" sizes="120x120" href="/Content/SiteIcons/apple-touch-icon-120x120.png"/&gt;
	&lt;link rel="apple-touch-icon" sizes="144x144" href="/Content/SiteIcons/apple-touch-icon-144x144.png"/&gt;
	&lt;link rel="apple-touch-icon" sizes="152x152" href="/Content/SiteIcons/apple-touch-icon-152x152.png"/&gt;
	&lt;link rel="apple-touch-icon" sizes="180x180" href="/Content/SiteIcons/apple-touch-icon-180x180.png"/&gt;
	
	&lt;link rel="icon" type="image/png" href="/Content/SiteIcons/favicon-32x32.png" sizes="32x32"/&gt;
	&lt;link rel="icon" type="image/png" href="/Content/SiteIcons/android-chrome-192x192.png" sizes="192x192"/&gt;
	&lt;link rel="icon" type="image/png" href="/Content/SiteIcons/favicon-96x96.png" sizes="96x96"/&gt;
	&lt;link rel="icon" type="image/png" href="/Content/SiteIcons/favicon-16x16.png" sizes="16x16"/&gt;
	
	&lt;link rel="manifest" href="/manifest.json?v4"/&gt;

	

    &lt;title&gt;Oheislaitteet - Jimms.fi&lt;/title&gt;

    
    &lt;link rel="preload" href="/Content/fonts/opensans.woff2" as="font" type="font/woff2" crossorigin&gt;
    &lt;link rel="preload" href="/Content/fonts/material-icons-round.woff2" as="font" type="font/woff2" crossorigin&gt;
    
    &lt;link async rel="stylesheet" type="text/css" href="/Content/libs.min.css?v=fl_8" /&gt;
    &lt;link defer rel="stylesheet" type="text/css" href="/Content/jimms.min.css?v=fl_45" /&gt;

    
    &lt;script type="text/javascript"&gt;
        var languageCode = "fi";

        window.defaultTheme = 'auto';
        

    &lt;/script&gt;
    &lt;script type="text/javascript" src="/Scripts/app.bundle.js?v=fl_6"&gt;&lt;/script&gt;
    &lt;script type="text/javascript" src="/Scripts/jimmsfi.min.js?v=fl_45"&gt;&lt;/script&gt;

    
    &lt;script type="text/javascript"&gt;
        viewModel.ShoppingCart = new jimmsfi.ShoppingCartViewModel(true, 0, 0);
        

        window.DY = window.DY || {};
        DY.userActiveConsent = { accepted: false }
        DY.recommendationContext = {
            type: 'CATEGORY', 
            data: ['Oheislaitteet'],
            lng: 'fi_FI'
        };
    &lt;/script&gt;

    
    &lt;script type="text/javascript"&gt;
        
        window.dataLayer = window.dataLayer || [];
        function gtag() { dataLayer.push(arguments); }

        gtag('consent', 'default', {'functionality_storage':'granted','security_storage':'granted','analytics_storage':'denied','personalization_storage':'denied','ad_storage':'denied','ad_user_data': 'denied','ad_personalization':'denied',wait_for_update: 100}); 

        dataLayer.push({'event': 'page_information', 'pageType': 'category'});
        dataLayer.push({'event': 'page_Theme','pageTheme': window.currentTheme});

        window.gtm_consent = {'analytics_storage':'denied','personalization_storage':'denied','ad_storage':'denied','ad_user_data': 'denied','ad_personalization':'denied'};
        gtag('set', 'ads_data_redaction', true);
    &lt;/script&gt;

    &lt;script type="text/javascript" src="/Scripts/ui.bundle.js?v=fl_8"&gt;&lt;/script&gt;
    &lt;script type="text/javascript" src="/Scripts/elements.min.js?v=fl_25"&gt;&lt;/script&gt;

    
    
 

	&lt;!-- Google Tag Manager --&gt;
&lt;script&gt;(function(w,d,s,l,i){w[l]=w[l]||[];w[l].push({'gtm.start':
new Date().getTime(),event:'gtm.js'});var f=d.getElementsByTagName(s)[0],
j=d.createElement(s),dl=l!='dataLayer'?'&amp;l='+l:'';j.async=true;j.src=
'https://www.googletagmanager.com/gtm.js?id='+i+dl;f.parentNode.insertBefore(j,f);
})(window,document,'script','dataLayer','GTM-MTKJJ5');&lt;/script&gt;
&lt;!-- End Google Tag Manager --&gt;


    






 
    



    &lt;link rel="preconnect" href="//cdn-eu.dynamicyield.com"&gt;
    &lt;link rel="preconnect" href="//st-eu.dynamicyield.com"&gt;
    &lt;link rel="preconnect" href="//rcom-eu.dynamicyield.com"&gt;
    &lt;link rel="dns-prefetch" href="//cdn-eu.dynamicyield.com"&gt;
    &lt;link rel="dns-prefetch" href="//st-eu.dynamicyield.com"&gt;
    &lt;link rel="dns-prefetch" href="//rcom-eu.dynamicyield.com"&gt;


    &lt;script type="text/plain" data-category="analytics_cookies" src="//cdn-eu.dynamicyield.com/api/9879196/api_dynamic.js"&gt;&lt;/script&gt;
    &lt;script type="text/plain" data-category="analytics_cookies" src="//cdn-eu.dynamicyield.com/api/9879196/api_static.js"&gt;&lt;/script&gt; 


    
&lt;/head&gt;

&lt;body&gt;

    &lt;!-- Google Tag Manager (noscript) --&gt;
&lt;noscript&gt;&lt;iframe src="https://www.googletagmanager.com/ns.html?id=GTM-MTKJJ5"
height="0" width="0" style="display:none;visibility:hidden"&gt;&lt;/iframe&gt;&lt;/noscript&gt;
&lt;!-- End Google Tag Manager (noscript) --&gt;

    

    &lt;div class="jim-toplinkbar"&gt;
    &lt;div class="container"&gt;

        &lt;a href="https://blog.jimms.fi" target=_blank&gt;Blogi&lt;/a&gt;
        &lt;a href="/fi/Info/Faq"&gt;UKK&lt;/a&gt;
        &lt;a href="/fi/Pages/B2B"&gt;Yritysmyynti&lt;/a&gt;
        &lt;a href="/fi/Info/Contact"&gt;Yhteystiedot&lt;/a&gt;

        &lt;div class="separator-line"&gt;

            &lt;span role="button" class="dropdown-toggle btn-icon" data-bs-toggle="dropdown" aria-haspopup="true" aria-expanded="false"&gt;
                &lt;i class="material-icon theme-icon-active"&gt;dark_mode&lt;/i&gt;
            &lt;/span&gt;

            &lt;ul class="dropdown-menu dropdown-menu-end" role="menu" style="z-index: 1100; --bs-dropdown-min-width: 12rem;"&gt;
                &lt;li&gt;&lt;button class="dropdown-item d-flex align-items-center gap-2" data-bs-theme-value="light"&gt;&lt;i class="material-icon theme-icon"&gt;light_mode&lt;/i&gt; Vaalea &lt;i class="material-icon ms-auto theme-active-check d-none"&gt;check&lt;/i&gt;&lt;/button&gt;&lt;/li&gt;
                &lt;li&gt;&lt;button class="dropdown-item d-flex align-items-center gap-2" data-bs-theme-value="dark"&gt;&lt;i class="material-icon"&gt;dark_mode&lt;/i&gt; Tumma &lt;i class="material-icon ms-auto theme-active-check d-none"&gt;check&lt;/i&gt;&lt;/button&gt;&lt;/li&gt;
                &lt;li&gt;&lt;button class="dropdown-item d-flex align-items-center gap-2" data-bs-theme-value="auto"&gt;&lt;i class="material-icon"&gt;brightness_medium&lt;/i&gt; Automaattinen &lt;i class="material-icon ms-auto theme-active-check d-none"&gt;check&lt;/i&gt;&lt;/button&gt;&lt;/li&gt;
            &lt;/ul&gt;
        &lt;/div&gt;

        &lt;jim-store-language class="jim-store-language separator-line"&gt;

            &lt;span role="button" class="dropdown-toggle text-uppercase" data-bs-toggle="dropdown" aria-haspopup="true" aria-expanded="false"&gt;
                fi
            &lt;/span&gt;

            &lt;ul class="dropdown-menu dropdown-menu-end" role="menu" style="z-index: 1100"&gt;
                &lt;li&gt;&lt;a class="dropdown-item" href="/fi/Home/ChangeCurrentCulture?newlang=fi"&gt;&lt;div class="flag-fi img-fluid border-radius-circle d-inline-block me-2" style="width: 1rem; height: 1rem"&gt;&lt;/div&gt; Suomi&lt;/a&gt;&lt;/li&gt;
                
            &lt;/ul&gt;
        &lt;/jim-store-language&gt;
    &lt;/div&gt;
&lt;/div&gt;

&lt;script&gt;
    const showActiveTheme = theme =&gt; {
        const activeThemeIcon = document.querySelector('i.theme-icon-active');
        const btnToActive = document.querySelector(`[data-bs-theme-value="${theme}"]`);
        document.querySelectorAll('[data-bs-theme-value] &gt; i.theme-active-check').forEach(element =&gt; {
            if (element.parentNode == btnToActive) {
                element.classList.remove('d-none');
                activeThemeIcon.innerHTML = btnToActive.childNodes[0].innerHTML;
            }
            else {
                element.classList.add('d-none');
            }
        });
    }
    showActiveTheme(getPreferredTheme());
   
    window.addEventListener('DOMContentLoaded', () =&gt; {
        document.querySelectorAll('[data-bs-theme-value]').forEach(toggle =&gt; {
            toggle.addEventLi... (set the log level to DEBUG or TRACE to see the full content) 
 </msg>
<msg time="2024-10-09T17:49:27.986120" level="INFO">C:\Users\OMISTAJA\AppData\Local\Programs\Python\Python312\Lib\site-packages\urllib3\connectionpool.py:1099: InsecureRequestWarning: Unverified HTTPS request is being made to host 'www.jimms.fi'. Adding certificate verification is strongly advised. See: https://urllib3.readthedocs.io/en/latest/advanced-usage.html#tls-warnings
  warnings.warn(</msg>
<msg time="2024-10-09T17:49:27.991121" level="INFO">${response} = &lt;Response [200]&gt;</msg>
<var>${response}</var>
<arg>website</arg>
<arg>${page}</arg>
<doc>*DEPRECATED* Please use `GET On Session` instead.</doc>
<status status="PASS" start="2024-10-09T17:49:27.896119" elapsed="0.096002"/>
</kw>
<kw name="Run Keyword If" owner="BuiltIn">
<arg>${response.status_code} != 200</arg>
<arg>Log</arg>
<arg>ERROR: Page ${page} not found! Status code: ${response.status_code}</arg>
<arg>level=ERROR</arg>
<doc>Runs the given keyword with the given arguments, if ``condition`` is true.</doc>
<status status="PASS" start="2024-10-09T17:49:27.993122" elapsed="0.001001"/>
</kw>
<kw name="Run Keyword If" owner="BuiltIn">
<kw name="Log" owner="BuiltIn">
<msg time="2024-10-09T17:49:27.997122" level="INFO">Page /Oheislaitteet exists</msg>
<arg>Page ${page} exists</arg>
<doc>Logs the given message with the given level.</doc>
<status status="PASS" start="2024-10-09T17:49:27.997122" elapsed="0.000998"/>
</kw>
<arg>${response.status_code} == 200</arg>
<arg>Log</arg>
<arg>Page ${page} exists</arg>
<doc>Runs the given keyword with the given arguments, if ``condition`` is true.</doc>
<status status="PASS" start="2024-10-09T17:49:27.995120" elapsed="0.003000"/>
</kw>
<var name="${page}">/Oheislaitteet</var>
<status status="PASS" start="2024-10-09T17:49:27.896119" elapsed="0.102001"/>
</iter>
<iter>
<kw name="Get Request" owner="RequestsLibrary">
<msg time="2024-10-09T17:49:28.000117" level="WARN">Keyword 'RequestsLibrary.Get Request' is deprecated. Please use `GET On Session` instead.</msg>
<msg time="2024-10-09T17:49:28.099118" level="INFO">GET Request : url=https://www.jimms.fi/fi/Product/Pelaaminen 
 path_url=/fi/Product/Pelaaminen 
 headers={'User-Agent': 'python-requests/2.32.3', 'Accept-Encoding': 'gzip, deflate', 'Accept': '*/*', 'Connection': 'keep-alive', 'Cookie': 'JW.CurrentUICulture=fi'} 
 body=None 
 </msg>
<msg time="2024-10-09T17:49:28.102118" level="INFO">GET Response : url=https://www.jimms.fi/fi/Product/Pelaaminen 
 status=200, reason=OK 
 headers={'Date': 'Wed, 09 Oct 2024 14:49:28 GMT', 'Content-Type': 'text/html; charset=utf-8', 'Transfer-Encoding': 'chunked', 'Connection': 'keep-alive', 'Cache-Control': 'private,private', 'access-control-allow-origin': 'https://www.jimms.fi', 'CF-Cache-Status': 'DYNAMIC', 'Report-To': '{"endpoints":[{"url":"https:\\/\\/a.nel.cloudflare.com\\/report\\/v4?s=WXsJSdg3%2BTG64cp6uAXrtZAxa76mCn9nb3e1tGvf8SZHeidPxiBM3m1WzFDDUXDNj3gojDsqvWboe56im7cvBGK8Tsv2g5xiJGN%2FXamXQf%2BjzZhTcgRDQh3AUPPgEw%3D%3D"}],"group":"cf-nel","max_age":604800}', 'NEL': '{"success_fraction":0,"report_to":"cf-nel","max_age":604800}', 'Server': 'cloudflare', 'CF-RAY': '8cff2d6feb1c8d6d-HEL', 'Content-Encoding': 'gzip', 'alt-svc': 'h3=":443"; ma=86400'} 
 body=
&lt;!DOCTYPE html&gt;
&lt;html lang="fi"&gt;
&lt;head&gt;
    &lt;meta charset="utf-8" /&gt;
    &lt;meta http-equiv="Content-Type" content="text/html; utf-8" /&gt;
    &lt;meta http-equiv="Content-language" content="fi" /&gt;

    &lt;meta name="viewport" content="width=device-width, initial-scale=1.0, minimum-scale=1.0, maximum-scale=2, user-scalable=yes, viewport-fit=auto"&gt;
    &lt;meta http-equiv="X-UA-Compatible" content="IE=edge,chrome=1" /&gt;
    &lt;meta name="format-detection" content="telephone=no" /&gt;
    &lt;meta http-equiv="cache-control" content="max-age=0" /&gt;
    &lt;meta http-equiv="cache-control" content="no-cache" /&gt;
    &lt;meta http-equiv="expires" content="0" /&gt;
    &lt;meta http-equiv="expires" content="Tue, 01 Jan 1980 1:00:00 GMT" /&gt;
    &lt;meta http-equiv="pragma" content="no-cache" /&gt;

    &lt;meta property="og:title" content="Pelaaminen - Jimms.fi"&gt;
&lt;meta property="og:url" content="https://www.jimms.fi/fi/Product/Pelaaminen"&gt;
&lt;meta property="og:image" content="http://www.jimms.fi/Content/Images/site/jimmsog.jpg"&gt;
&lt;meta property="og:image:secure_url" content="https://www.jimms.fi/Content/Images/site/jimmsog.jpg"&gt;
&lt;meta property="og:image:type" content="image/jpeg"&gt;
&lt;meta property="og:image:width" content="1200"&gt;
&lt;meta property="og:image:height" content="630"&gt;
&lt;meta property="og:description" content="L&amp;#246;yd&amp;#228;t meilt&amp;#228; pelaamiseen tarvittavat ty&amp;#246;kalut. Pelituolit, ratit ja ohjaimet sek&amp;#228; brand wearia. Ja nettitilauksiin ilmaiset postikulut!"&gt;
&lt;meta property="og:site_name" content="Jimms.fi"&gt;
&lt;meta property="fb:app_id" content="297181540295864"&gt;
&lt;meta name="description" content="L&amp;#246;yd&amp;#228;t meilt&amp;#228; pelaamiseen tarvittavat ty&amp;#246;kalut. Pelituolit, ratit ja ohjaimet sek&amp;#228; brand wearia. Ja nettitilauksiin ilmaiset postikulut!" /&gt;

    

	&lt;meta name="application-name" content="Jimms.fi"&gt;
	&lt;meta name="msapplication-TileColor" content="#333333"/&gt;
	&lt;meta name="msapplication-TileImage" content="/Content/SiteIcons/mstile-144x144.png"/&gt;
	&lt;meta name="theme-color" content="#bb3300"/&gt;

	&lt;link rel="apple-touch-icon" sizes="57x57" href="/Content/SiteIcons/apple-touch-icon-57x57.png"/&gt;
	&lt;link rel="apple-touch-icon" sizes="60x60" href="/Content/SiteIcons/apple-touch-icon-60x60.png"/&gt;
	&lt;link rel="apple-touch-icon" sizes="72x72" href="/Content/SiteIcons/apple-touch-icon-72x72.png"/&gt;
	&lt;link rel="apple-touch-icon" sizes="76x76" href="/Content/SiteIcons/apple-touch-icon-76x76.png"/&gt;
	&lt;link rel="apple-touch-icon" sizes="114x114" href="/Content/SiteIcons/apple-touch-icon-114x114.png"/&gt;
	&lt;link rel="apple-touch-icon" sizes="120x120" href="/Content/SiteIcons/apple-touch-icon-120x120.png"/&gt;
	&lt;link rel="apple-touch-icon" sizes="144x144" href="/Content/SiteIcons/apple-touch-icon-144x144.png"/&gt;
	&lt;link rel="apple-touch-icon" sizes="152x152" href="/Content/SiteIcons/apple-touch-icon-152x152.png"/&gt;
	&lt;link rel="apple-touch-icon" sizes="180x180" href="/Content/SiteIcons/apple-touch-icon-180x180.png"/&gt;
	
	&lt;link rel="icon" type="image/png" href="/Content/SiteIcons/favicon-32x32.png" sizes="32x32"/&gt;
	&lt;link rel="icon" type="image/png" href="/Content/SiteIcons/android-chrome-192x192.png" sizes="192x192"/&gt;
	&lt;link rel="icon" type="image/png" href="/Content/SiteIcons/favicon-96x96.png" sizes="96x96"/&gt;
	&lt;link rel="icon" type="image/png" href="/Content/SiteIcons/favicon-16x16.png" sizes="16x16"/&gt;
	
	&lt;link rel="manifest" href="/manifest.json?v4"/&gt;

	

    &lt;title&gt;Pelaaminen - Jimms.fi&lt;/title&gt;

    
    &lt;link rel="preload" href="/Content/fonts/opensans.woff2" as="font" type="font/woff2" crossorigin&gt;
    &lt;link rel="preload" href="/Content/fonts/material-icons-round.woff2" as="font" type="font/woff2" crossorigin&gt;
    
    &lt;link async rel="stylesheet" type="text/css" href="/Content/libs.min.css?v=fl_8" /&gt;
    &lt;link defer rel="stylesheet" type="text/css" href="/Content/jimms.min.css?v=fl_45" /&gt;

    
    &lt;script type="text/javascript"&gt;
        var languageCode = "fi";

        window.defaultTheme = 'auto';
        

    &lt;/script&gt;
    &lt;script type="text/javascript" src="/Scripts/app.bundle.js?v=fl_6"&gt;&lt;/script&gt;
    &lt;script type="text/javascript" src="/Scripts/jimmsfi.min.js?v=fl_45"&gt;&lt;/script&gt;

    
    &lt;script type="text/javascript"&gt;
        viewModel.ShoppingCart = new jimmsfi.ShoppingCartViewModel(true, 0, 0);
        

        window.DY = window.DY || {};
        DY.userActiveConsent = { accepted: false }
        DY.recommendationContext = {
            type: 'CATEGORY', 
            data: ['Pelaaminen'],
            lng: 'fi_FI'
        };
    &lt;/script&gt;

    
    &lt;script type="text/javascript"&gt;
        
        window.dataLayer = window.dataLayer || [];
        function gtag() { dataLayer.push(arguments); }

        gtag('consent', 'default', {'functionality_storage':'granted','security_storage':'granted','analytics_storage':'denied','personalization_storage':'denied','ad_storage':'denied','ad_user_data': 'denied','ad_personalization':'denied',wait_for_update: 100}); 

        dataLayer.push({'event': 'page_information', 'pageType': 'category'});
        dataLayer.push({'event': 'page_Theme','pageTheme': window.currentTheme});

        window.gtm_consent = {'analytics_storage':'denied','personalization_storage':'denied','ad_storage':'denied','ad_user_data': 'denied','ad_personalization':'denied'};
        gtag('set', 'ads_data_redaction', true);
    &lt;/script&gt;

    &lt;script type="text/javascript" src="/Scripts/ui.bundle.js?v=fl_8"&gt;&lt;/script&gt;
    &lt;script type="text/javascript" src="/Scripts/elements.min.js?v=fl_25"&gt;&lt;/script&gt;

    
    
 

	&lt;!-- Google Tag Manager --&gt;
&lt;script&gt;(function(w,d,s,l,i){w[l]=w[l]||[];w[l].push({'gtm.start':
new Date().getTime(),event:'gtm.js'});var f=d.getElementsByTagName(s)[0],
j=d.createElement(s),dl=l!='dataLayer'?'&amp;l='+l:'';j.async=true;j.src=
'https://www.googletagmanager.com/gtm.js?id='+i+dl;f.parentNode.insertBefore(j,f);
})(window,document,'script','dataLayer','GTM-MTKJJ5');&lt;/script&gt;
&lt;!-- End Google Tag Manager --&gt;


    






 
    



    &lt;link rel="preconnect" href="//cdn-eu.dynamicyield.com"&gt;
    &lt;link rel="preconnect" href="//st-eu.dynamicyield.com"&gt;
    &lt;link rel="preconnect" href="//rcom-eu.dynamicyield.com"&gt;
    &lt;link rel="dns-prefetch" href="//cdn-eu.dynamicyield.com"&gt;
    &lt;link rel="dns-prefetch" href="//st-eu.dynamicyield.com"&gt;
    &lt;link rel="dns-prefetch" href="//rcom-eu.dynamicyield.com"&gt;


    &lt;script type="text/plain" data-category="analytics_cookies" src="//cdn-eu.dynamicyield.com/api/9879196/api_dynamic.js"&gt;&lt;/script&gt;
    &lt;script type="text/plain" data-category="analytics_cookies" src="//cdn-eu.dynamicyield.com/api/9879196/api_static.js"&gt;&lt;/script&gt; 


    
&lt;/head&gt;

&lt;body&gt;

    &lt;!-- Google Tag Manager (noscript) --&gt;
&lt;noscript&gt;&lt;iframe src="https://www.googletagmanager.com/ns.html?id=GTM-MTKJJ5"
height="0" width="0" style="display:none;visibility:hidden"&gt;&lt;/iframe&gt;&lt;/noscript&gt;
&lt;!-- End Google Tag Manager (noscript) --&gt;

    

    &lt;div class="jim-toplinkbar"&gt;
    &lt;div class="container"&gt;

        &lt;a href="https://blog.jimms.fi" target=_blank&gt;Blogi&lt;/a&gt;
        &lt;a href="/fi/Info/Faq"&gt;UKK&lt;/a&gt;
        &lt;a href="/fi/Pages/B2B"&gt;Yritysmyynti&lt;/a&gt;
        &lt;a href="/fi/Info/Contact"&gt;Yhteystiedot&lt;/a&gt;

        &lt;div class="separator-line"&gt;

            &lt;span role="button" class="dropdown-toggle btn-icon" data-bs-toggle="dropdown" aria-haspopup="true" aria-expanded="false"&gt;
                &lt;i class="material-icon theme-icon-active"&gt;dark_mode&lt;/i&gt;
            &lt;/span&gt;

            &lt;ul class="dropdown-menu dropdown-menu-end" role="menu" style="z-index: 1100; --bs-dropdown-min-width: 12rem;"&gt;
                &lt;li&gt;&lt;button class="dropdown-item d-flex align-items-center gap-2" data-bs-theme-value="light"&gt;&lt;i class="material-icon theme-icon"&gt;light_mode&lt;/i&gt; Vaalea &lt;i class="material-icon ms-auto theme-active-check d-none"&gt;check&lt;/i&gt;&lt;/button&gt;&lt;/li&gt;
                &lt;li&gt;&lt;button class="dropdown-item d-flex align-items-center gap-2" data-bs-theme-value="dark"&gt;&lt;i class="material-icon"&gt;dark_mode&lt;/i&gt; Tumma &lt;i class="material-icon ms-auto theme-active-check d-none"&gt;check&lt;/i&gt;&lt;/button&gt;&lt;/li&gt;
                &lt;li&gt;&lt;button class="dropdown-item d-flex align-items-center gap-2" data-bs-theme-value="auto"&gt;&lt;i class="material-icon"&gt;brightness_medium&lt;/i&gt; Automaattinen &lt;i class="material-icon ms-auto theme-active-check d-none"&gt;check&lt;/i&gt;&lt;/button&gt;&lt;/li&gt;
            &lt;/ul&gt;
        &lt;/div&gt;

        &lt;jim-store-language class="jim-store-language separator-line"&gt;

            &lt;span role="button" class="dropdown-toggle text-uppercase" data-bs-toggle="dropdown" aria-haspopup="true" aria-expanded="false"&gt;
                fi
            &lt;/span&gt;

            &lt;ul class="dropdown-menu dropdown-menu-end" role="menu" style="z-index: 1100"&gt;
                &lt;li&gt;&lt;a class="dropdown-item" href="/fi/Home/ChangeCurrentCulture?newlang=fi"&gt;&lt;div class="flag-fi img-fluid border-radius-circle d-inline-block me-2" style="width: 1rem; height: 1rem"&gt;&lt;/div&gt; Suomi&lt;/a&gt;&lt;/li&gt;
                
            &lt;/ul&gt;
        &lt;/jim-store-language&gt;
    &lt;/div&gt;
&lt;/div&gt;

&lt;script&gt;
    const showActiveTheme = theme =&gt; {
        const activeThemeIcon = document.querySelector('i.theme-icon-active');
        const btnToActive = document.querySelector(`[data-bs-theme-value="${theme}"]`);
        document.querySelectorAll('[data-bs-theme-value] &gt; i.theme-active-check').forEach(element =&gt; {
            if (element.parentNode == btnToActive) {
                element.classList.remove('d-none');
                activeThemeIcon.innerHTML = btnToActive.childNodes[0].innerHTML;
            }
            else {
                element.classList.add('d-none');
            }
        });
    }
    showActiveTheme(getPreferredTheme());
   
    window.addEventListener('DOMContentLoaded', () =&gt; {
        document.querySelectorAll('[data-bs-theme-value]').forEach(toggle =&gt; {
            toggle.addEventListener('click', () =&gt; {
               ... (set the log level to DEBUG or TRACE to see the full content) 
 </msg>
<msg time="2024-10-09T17:49:28.104116" level="INFO">C:\Users\OMISTAJA\AppData\Local\Programs\Python\Python312\Lib\site-packages\urllib3\connectionpool.py:1099: InsecureRequestWarning: Unverified HTTPS request is being made to host 'www.jimms.fi'. Adding certificate verification is strongly advised. See: https://urllib3.readthedocs.io/en/latest/advanced-usage.html#tls-warnings
  warnings.warn(</msg>
<msg time="2024-10-09T17:49:28.106120" level="INFO">${response} = &lt;Response [200]&gt;</msg>
<var>${response}</var>
<arg>website</arg>
<arg>${page}</arg>
<doc>*DEPRECATED* Please use `GET On Session` instead.</doc>
<status status="PASS" start="2024-10-09T17:49:27.999121" elapsed="0.106999"/>
</kw>
<kw name="Run Keyword If" owner="BuiltIn">
<arg>${response.status_code} != 200</arg>
<arg>Log</arg>
<arg>ERROR: Page ${page} not found! Status code: ${response.status_code}</arg>
<arg>level=ERROR</arg>
<doc>Runs the given keyword with the given arguments, if ``condition`` is true.</doc>
<status status="PASS" start="2024-10-09T17:49:28.107122" elapsed="0.001999"/>
</kw>
<kw name="Run Keyword If" owner="BuiltIn">
<kw name="Log" owner="BuiltIn">
<msg time="2024-10-09T17:49:28.112134" level="INFO">Page /Pelaaminen exists</msg>
<arg>Page ${page} exists</arg>
<doc>Logs the given message with the given level.</doc>
<status status="PASS" start="2024-10-09T17:49:28.111119" elapsed="0.001015"/>
</kw>
<arg>${response.status_code} == 200</arg>
<arg>Log</arg>
<arg>Page ${page} exists</arg>
<doc>Runs the given keyword with the given arguments, if ``condition`` is true.</doc>
<status status="PASS" start="2024-10-09T17:49:28.110119" elapsed="0.003000"/>
</kw>
<var name="${page}">/Pelaaminen</var>
<status status="PASS" start="2024-10-09T17:49:27.999121" elapsed="0.113998"/>
</iter>
<iter>
<kw name="Get Request" owner="RequestsLibrary">
<msg time="2024-10-09T17:49:28.114123" level="WARN">Keyword 'RequestsLibrary.Get Request' is deprecated. Please use `GET On Session` instead.</msg>
<msg time="2024-10-09T17:49:28.189120" level="INFO">GET Request : url=https://www.jimms.fi/fi/Product/SimRacing 
 path_url=/fi/Product/SimRacing 
 headers={'User-Agent': 'python-requests/2.32.3', 'Accept-Encoding': 'gzip, deflate', 'Accept': '*/*', 'Connection': 'keep-alive', 'Cookie': 'JW.CurrentUICulture=fi'} 
 body=None 
 </msg>
<msg time="2024-10-09T17:49:28.192119" level="INFO">GET Response : url=https://www.jimms.fi/fi/Product/SimRacing 
 status=200, reason=OK 
 headers={'Date': 'Wed, 09 Oct 2024 14:49:28 GMT', 'Content-Type': 'text/html; charset=utf-8', 'Transfer-Encoding': 'chunked', 'Connection': 'keep-alive', 'Cache-Control': 'private,private', 'access-control-allow-origin': 'https://www.jimms.fi', 'CF-Cache-Status': 'DYNAMIC', 'Report-To': '{"endpoints":[{"url":"https:\\/\\/a.nel.cloudflare.com\\/report\\/v4?s=19XaeU3XADLh5StuFtXxrjCbxDGWef%2BXtWMzZdFvmbcSSRXj7KATJXfstyfA778yFbLIXcBizmBjmZ0ldatksYPZNLdWMuZBTXBAqXSIKa3nBJyXMJ4vTdiQXK6vPA%3D%3D"}],"group":"cf-nel","max_age":604800}', 'NEL': '{"success_fraction":0,"report_to":"cf-nel","max_age":604800}', 'Server': 'cloudflare', 'CF-RAY': '8cff2d70ac158d6d-HEL', 'Content-Encoding': 'gzip', 'alt-svc': 'h3=":443"; ma=86400'} 
 body=
&lt;!DOCTYPE html&gt;
&lt;html lang="fi"&gt;
&lt;head&gt;
    &lt;meta charset="utf-8" /&gt;
    &lt;meta http-equiv="Content-Type" content="text/html; utf-8" /&gt;
    &lt;meta http-equiv="Content-language" content="fi" /&gt;

    &lt;meta name="viewport" content="width=device-width, initial-scale=1.0, minimum-scale=1.0, maximum-scale=2, user-scalable=yes, viewport-fit=auto"&gt;
    &lt;meta http-equiv="X-UA-Compatible" content="IE=edge,chrome=1" /&gt;
    &lt;meta name="format-detection" content="telephone=no" /&gt;
    &lt;meta http-equiv="cache-control" content="max-age=0" /&gt;
    &lt;meta http-equiv="cache-control" content="no-cache" /&gt;
    &lt;meta http-equiv="expires" content="0" /&gt;
    &lt;meta http-equiv="expires" content="Tue, 01 Jan 1980 1:00:00 GMT" /&gt;
    &lt;meta http-equiv="pragma" content="no-cache" /&gt;

    &lt;meta property="og:title" content="Sim Racing - Jimms.fi"&gt;
&lt;meta property="og:url" content="https://www.jimms.fi/fi/Product/SimRacing"&gt;
&lt;meta property="og:image" content="http://www.jimms.fi/Content/Images/site/jimmsog.jpg"&gt;
&lt;meta property="og:image:secure_url" content="https://www.jimms.fi/Content/Images/site/jimmsog.jpg"&gt;
&lt;meta property="og:image:type" content="image/jpeg"&gt;
&lt;meta property="og:image:width" content="1200"&gt;
&lt;meta property="og:image:height" content="630"&gt;
&lt;meta property="og:description" content="Jimms.fi on asiantunteva tietotekniikan, komponenttien ja viihde-elektroniikan verkkokauppa. Tilauksiin aina saatavilla ilmainen toimitusvaihtoehto!"&gt;
&lt;meta property="og:site_name" content="Jimms.fi"&gt;
&lt;meta property="fb:app_id" content="297181540295864"&gt;
&lt;meta name="description" content="Jimms.fi on asiantunteva tietotekniikan, komponenttien ja viihde-elektroniikan verkkokauppa. Tilauksiin aina saatavilla ilmainen toimitusvaihtoehto!" /&gt;

    

	&lt;meta name="application-name" content="Jimms.fi"&gt;
	&lt;meta name="msapplication-TileColor" content="#333333"/&gt;
	&lt;meta name="msapplication-TileImage" content="/Content/SiteIcons/mstile-144x144.png"/&gt;
	&lt;meta name="theme-color" content="#bb3300"/&gt;

	&lt;link rel="apple-touch-icon" sizes="57x57" href="/Content/SiteIcons/apple-touch-icon-57x57.png"/&gt;
	&lt;link rel="apple-touch-icon" sizes="60x60" href="/Content/SiteIcons/apple-touch-icon-60x60.png"/&gt;
	&lt;link rel="apple-touch-icon" sizes="72x72" href="/Content/SiteIcons/apple-touch-icon-72x72.png"/&gt;
	&lt;link rel="apple-touch-icon" sizes="76x76" href="/Content/SiteIcons/apple-touch-icon-76x76.png"/&gt;
	&lt;link rel="apple-touch-icon" sizes="114x114" href="/Content/SiteIcons/apple-touch-icon-114x114.png"/&gt;
	&lt;link rel="apple-touch-icon" sizes="120x120" href="/Content/SiteIcons/apple-touch-icon-120x120.png"/&gt;
	&lt;link rel="apple-touch-icon" sizes="144x144" href="/Content/SiteIcons/apple-touch-icon-144x144.png"/&gt;
	&lt;link rel="apple-touch-icon" sizes="152x152" href="/Content/SiteIcons/apple-touch-icon-152x152.png"/&gt;
	&lt;link rel="apple-touch-icon" sizes="180x180" href="/Content/SiteIcons/apple-touch-icon-180x180.png"/&gt;
	
	&lt;link rel="icon" type="image/png" href="/Content/SiteIcons/favicon-32x32.png" sizes="32x32"/&gt;
	&lt;link rel="icon" type="image/png" href="/Content/SiteIcons/android-chrome-192x192.png" sizes="192x192"/&gt;
	&lt;link rel="icon" type="image/png" href="/Content/SiteIcons/favicon-96x96.png" sizes="96x96"/&gt;
	&lt;link rel="icon" type="image/png" href="/Content/SiteIcons/favicon-16x16.png" sizes="16x16"/&gt;
	
	&lt;link rel="manifest" href="/manifest.json?v4"/&gt;

	

    &lt;title&gt;Sim Racing - Jimms.fi&lt;/title&gt;

    
    &lt;link rel="preload" href="/Content/fonts/opensans.woff2" as="font" type="font/woff2" crossorigin&gt;
    &lt;link rel="preload" href="/Content/fonts/material-icons-round.woff2" as="font" type="font/woff2" crossorigin&gt;
    
    &lt;link async rel="stylesheet" type="text/css" href="/Content/libs.min.css?v=fl_8" /&gt;
    &lt;link defer rel="stylesheet" type="text/css" href="/Content/jimms.min.css?v=fl_45" /&gt;

    
    &lt;script type="text/javascript"&gt;
        var languageCode = "fi";

        window.defaultTheme = 'auto';
        

    &lt;/script&gt;
    &lt;script type="text/javascript" src="/Scripts/app.bundle.js?v=fl_6"&gt;&lt;/script&gt;
    &lt;script type="text/javascript" src="/Scripts/jimmsfi.min.js?v=fl_45"&gt;&lt;/script&gt;

    
    &lt;script type="text/javascript"&gt;
        viewModel.ShoppingCart = new jimmsfi.ShoppingCartViewModel(true, 0, 0);
        

        window.DY = window.DY || {};
        DY.userActiveConsent = { accepted: false }
        DY.recommendationContext = {
            type: 'CATEGORY', 
            data: ['Sim Racing'],
            lng: 'fi_FI'
        };
    &lt;/script&gt;

    
    &lt;script type="text/javascript"&gt;
        
        window.dataLayer = window.dataLayer || [];
        function gtag() { dataLayer.push(arguments); }

        gtag('consent', 'default', {'functionality_storage':'granted','security_storage':'granted','analytics_storage':'denied','personalization_storage':'denied','ad_storage':'denied','ad_user_data': 'denied','ad_personalization':'denied',wait_for_update: 100}); 

        dataLayer.push({'event': 'page_information', 'pageType': 'category'});
        dataLayer.push({'event': 'page_Theme','pageTheme': window.currentTheme});

        window.gtm_consent = {'analytics_storage':'denied','personalization_storage':'denied','ad_storage':'denied','ad_user_data': 'denied','ad_personalization':'denied'};
        gtag('set', 'ads_data_redaction', true);
    &lt;/script&gt;

    &lt;script type="text/javascript" src="/Scripts/ui.bundle.js?v=fl_8"&gt;&lt;/script&gt;
    &lt;script type="text/javascript" src="/Scripts/elements.min.js?v=fl_25"&gt;&lt;/script&gt;

    
    
 

	&lt;!-- Google Tag Manager --&gt;
&lt;script&gt;(function(w,d,s,l,i){w[l]=w[l]||[];w[l].push({'gtm.start':
new Date().getTime(),event:'gtm.js'});var f=d.getElementsByTagName(s)[0],
j=d.createElement(s),dl=l!='dataLayer'?'&amp;l='+l:'';j.async=true;j.src=
'https://www.googletagmanager.com/gtm.js?id='+i+dl;f.parentNode.insertBefore(j,f);
})(window,document,'script','dataLayer','GTM-MTKJJ5');&lt;/script&gt;
&lt;!-- End Google Tag Manager --&gt;


    






 
    



    &lt;link rel="preconnect" href="//cdn-eu.dynamicyield.com"&gt;
    &lt;link rel="preconnect" href="//st-eu.dynamicyield.com"&gt;
    &lt;link rel="preconnect" href="//rcom-eu.dynamicyield.com"&gt;
    &lt;link rel="dns-prefetch" href="//cdn-eu.dynamicyield.com"&gt;
    &lt;link rel="dns-prefetch" href="//st-eu.dynamicyield.com"&gt;
    &lt;link rel="dns-prefetch" href="//rcom-eu.dynamicyield.com"&gt;


    &lt;script type="text/plain" data-category="analytics_cookies" src="//cdn-eu.dynamicyield.com/api/9879196/api_dynamic.js"&gt;&lt;/script&gt;
    &lt;script type="text/plain" data-category="analytics_cookies" src="//cdn-eu.dynamicyield.com/api/9879196/api_static.js"&gt;&lt;/script&gt; 


    
&lt;/head&gt;

&lt;body&gt;

    &lt;!-- Google Tag Manager (noscript) --&gt;
&lt;noscript&gt;&lt;iframe src="https://www.googletagmanager.com/ns.html?id=GTM-MTKJJ5"
height="0" width="0" style="display:none;visibility:hidden"&gt;&lt;/iframe&gt;&lt;/noscript&gt;
&lt;!-- End Google Tag Manager (noscript) --&gt;

    

    &lt;div class="jim-toplinkbar"&gt;
    &lt;div class="container"&gt;

        &lt;a href="https://blog.jimms.fi" target=_blank&gt;Blogi&lt;/a&gt;
        &lt;a href="/fi/Info/Faq"&gt;UKK&lt;/a&gt;
        &lt;a href="/fi/Pages/B2B"&gt;Yritysmyynti&lt;/a&gt;
        &lt;a href="/fi/Info/Contact"&gt;Yhteystiedot&lt;/a&gt;

        &lt;div class="separator-line"&gt;

            &lt;span role="button" class="dropdown-toggle btn-icon" data-bs-toggle="dropdown" aria-haspopup="true" aria-expanded="false"&gt;
                &lt;i class="material-icon theme-icon-active"&gt;dark_mode&lt;/i&gt;
            &lt;/span&gt;

            &lt;ul class="dropdown-menu dropdown-menu-end" role="menu" style="z-index: 1100; --bs-dropdown-min-width: 12rem;"&gt;
                &lt;li&gt;&lt;button class="dropdown-item d-flex align-items-center gap-2" data-bs-theme-value="light"&gt;&lt;i class="material-icon theme-icon"&gt;light_mode&lt;/i&gt; Vaalea &lt;i class="material-icon ms-auto theme-active-check d-none"&gt;check&lt;/i&gt;&lt;/button&gt;&lt;/li&gt;
                &lt;li&gt;&lt;button class="dropdown-item d-flex align-items-center gap-2" data-bs-theme-value="dark"&gt;&lt;i class="material-icon"&gt;dark_mode&lt;/i&gt; Tumma &lt;i class="material-icon ms-auto theme-active-check d-none"&gt;check&lt;/i&gt;&lt;/button&gt;&lt;/li&gt;
                &lt;li&gt;&lt;button class="dropdown-item d-flex align-items-center gap-2" data-bs-theme-value="auto"&gt;&lt;i class="material-icon"&gt;brightness_medium&lt;/i&gt; Automaattinen &lt;i class="material-icon ms-auto theme-active-check d-none"&gt;check&lt;/i&gt;&lt;/button&gt;&lt;/li&gt;
            &lt;/ul&gt;
        &lt;/div&gt;

        &lt;jim-store-language class="jim-store-language separator-line"&gt;

            &lt;span role="button" class="dropdown-toggle text-uppercase" data-bs-toggle="dropdown" aria-haspopup="true" aria-expanded="false"&gt;
                fi
            &lt;/span&gt;

            &lt;ul class="dropdown-menu dropdown-menu-end" role="menu" style="z-index: 1100"&gt;
                &lt;li&gt;&lt;a class="dropdown-item" href="/fi/Home/ChangeCurrentCulture?newlang=fi"&gt;&lt;div class="flag-fi img-fluid border-radius-circle d-inline-block me-2" style="width: 1rem; height: 1rem"&gt;&lt;/div&gt; Suomi&lt;/a&gt;&lt;/li&gt;
                
            &lt;/ul&gt;
        &lt;/jim-store-language&gt;
    &lt;/div&gt;
&lt;/div&gt;

&lt;script&gt;
    const showActiveTheme = theme =&gt; {
        const activeThemeIcon = document.querySelector('i.theme-icon-active');
        const btnToActive = document.querySelector(`[data-bs-theme-value="${theme}"]`);
        document.querySelectorAll('[data-bs-theme-value] &gt; i.theme-active-check').forEach(element =&gt; {
            if (element.parentNode == btnToActive) {
                element.classList.remove('d-none');
                activeThemeIcon.innerHTML = btnToActive.childNodes[0].innerHTML;
            }
            else {
                element.classList.add('d-none');
            }
        });
    }
    showActiveTheme(getPreferredTheme());
   
    window.addEventListener('DOMContentLoaded', () =&gt; {
        document.querySelectorAll('[data-bs-theme-value]').forEach(toggle =&gt; {
            toggle.addEventListener('click', () =&gt; {
                const theme = toggle.getAt... (set the log level to DEBUG or TRACE to see the full content) 
 </msg>
<msg time="2024-10-09T17:49:28.193119" level="INFO">C:\Users\OMISTAJA\AppData\Local\Programs\Python\Python312\Lib\site-packages\urllib3\connectionpool.py:1099: InsecureRequestWarning: Unverified HTTPS request is being made to host 'www.jimms.fi'. Adding certificate verification is strongly advised. See: https://urllib3.readthedocs.io/en/latest/advanced-usage.html#tls-warnings
  warnings.warn(</msg>
<msg time="2024-10-09T17:49:28.196120" level="INFO">${response} = &lt;Response [200]&gt;</msg>
<var>${response}</var>
<arg>website</arg>
<arg>${page}</arg>
<doc>*DEPRECATED* Please use `GET On Session` instead.</doc>
<status status="PASS" start="2024-10-09T17:49:28.114123" elapsed="0.081997"/>
</kw>
<kw name="Run Keyword If" owner="BuiltIn">
<arg>${response.status_code} != 200</arg>
<arg>Log</arg>
<arg>ERROR: Page ${page} not found! Status code: ${response.status_code}</arg>
<arg>level=ERROR</arg>
<doc>Runs the given keyword with the given arguments, if ``condition`` is true.</doc>
<status status="PASS" start="2024-10-09T17:49:28.197120" elapsed="0.000998"/>
</kw>
<kw name="Run Keyword If" owner="BuiltIn">
<kw name="Log" owner="BuiltIn">
<msg time="2024-10-09T17:49:28.202120" level="INFO">Page /SimRacing exists</msg>
<arg>Page ${page} exists</arg>
<doc>Logs the given message with the given level.</doc>
<status status="PASS" start="2024-10-09T17:49:28.201120" elapsed="0.001000"/>
</kw>
<arg>${response.status_code} == 200</arg>
<arg>Log</arg>
<arg>Page ${page} exists</arg>
<doc>Runs the given keyword with the given arguments, if ``condition`` is true.</doc>
<status status="PASS" start="2024-10-09T17:49:28.199119" elapsed="0.003001"/>
</kw>
<var name="${page}">/SimRacing</var>
<status status="PASS" start="2024-10-09T17:49:28.113119" elapsed="0.090000"/>
</iter>
<iter>
<kw name="Get Request" owner="RequestsLibrary">
<msg time="2024-10-09T17:49:28.204117" level="WARN">Keyword 'RequestsLibrary.Get Request' is deprecated. Please use `GET On Session` instead.</msg>
<msg time="2024-10-09T17:49:28.276121" level="INFO">GET Request : url=https://www.jimms.fi/fi/Product/Verkkotuotteet 
 path_url=/fi/Product/Verkkotuotteet 
 headers={'User-Agent': 'python-requests/2.32.3', 'Accept-Encoding': 'gzip, deflate', 'Accept': '*/*', 'Connection': 'keep-alive', 'Cookie': 'JW.CurrentUICulture=fi'} 
 body=None 
 </msg>
<msg time="2024-10-09T17:49:28.279116" level="INFO">GET Response : url=https://www.jimms.fi/fi/Product/Verkkotuotteet 
 status=200, reason=OK 
 headers={'Date': 'Wed, 09 Oct 2024 14:49:28 GMT', 'Content-Type': 'text/html; charset=utf-8', 'Transfer-Encoding': 'chunked', 'Connection': 'keep-alive', 'Cache-Control': 'private,private', 'access-control-allow-origin': 'https://www.jimms.fi', 'CF-Cache-Status': 'DYNAMIC', 'Report-To': '{"endpoints":[{"url":"https:\\/\\/a.nel.cloudflare.com\\/report\\/v4?s=%2Fk9G16IUY1RpYGDpXe0tUPgEWuwOryvJIwZJpeYDgm6GRUnGkDVrExbrh6a4%2BhPIcPrp9%2F2JyMsSeRrqLaK2RLgz57qO5W1GAZ3Ge9VC3yRV6SN6LQI3IyQdI%2BTZsg%3D%3D"}],"group":"cf-nel","max_age":604800}', 'NEL': '{"success_fraction":0,"report_to":"cf-nel","max_age":604800}', 'Server': 'cloudflare', 'CF-RAY': '8cff2d713ca28d6d-HEL', 'Content-Encoding': 'gzip', 'alt-svc': 'h3=":443"; ma=86400'} 
 body=
&lt;!DOCTYPE html&gt;
&lt;html lang="fi"&gt;
&lt;head&gt;
    &lt;meta charset="utf-8" /&gt;
    &lt;meta http-equiv="Content-Type" content="text/html; utf-8" /&gt;
    &lt;meta http-equiv="Content-language" content="fi" /&gt;

    &lt;meta name="viewport" content="width=device-width, initial-scale=1.0, minimum-scale=1.0, maximum-scale=2, user-scalable=yes, viewport-fit=auto"&gt;
    &lt;meta http-equiv="X-UA-Compatible" content="IE=edge,chrome=1" /&gt;
    &lt;meta name="format-detection" content="telephone=no" /&gt;
    &lt;meta http-equiv="cache-control" content="max-age=0" /&gt;
    &lt;meta http-equiv="cache-control" content="no-cache" /&gt;
    &lt;meta http-equiv="expires" content="0" /&gt;
    &lt;meta http-equiv="expires" content="Tue, 01 Jan 1980 1:00:00 GMT" /&gt;
    &lt;meta http-equiv="pragma" content="no-cache" /&gt;

    &lt;meta property="og:title" content="Verkkotuotteet - Jimms.fi"&gt;
&lt;meta property="og:url" content="https://www.jimms.fi/fi/Product/Verkkotuotteet"&gt;
&lt;meta property="og:image" content="http://www.jimms.fi/Content/Images/site/jimmsog.jpg"&gt;
&lt;meta property="og:image:secure_url" content="https://www.jimms.fi/Content/Images/site/jimmsog.jpg"&gt;
&lt;meta property="og:image:type" content="image/jpeg"&gt;
&lt;meta property="og:image:width" content="1200"&gt;
&lt;meta property="og:image:height" content="630"&gt;
&lt;meta property="og:description" content="L&amp;#246;yd&amp;#228;t meilt&amp;#228; verkkolaitteet kotiin, m&amp;#246;kille sek&amp;#228; toimistoosi. Ja nettitilauksiin ilmaiset postikulut!"&gt;
&lt;meta property="og:site_name" content="Jimms.fi"&gt;
&lt;meta property="fb:app_id" content="297181540295864"&gt;
&lt;meta name="description" content="L&amp;#246;yd&amp;#228;t meilt&amp;#228; verkkolaitteet kotiin, m&amp;#246;kille sek&amp;#228; toimistoosi. Ja nettitilauksiin ilmaiset postikulut!" /&gt;

    

	&lt;meta name="application-name" content="Jimms.fi"&gt;
	&lt;meta name="msapplication-TileColor" content="#333333"/&gt;
	&lt;meta name="msapplication-TileImage" content="/Content/SiteIcons/mstile-144x144.png"/&gt;
	&lt;meta name="theme-color" content="#bb3300"/&gt;

	&lt;link rel="apple-touch-icon" sizes="57x57" href="/Content/SiteIcons/apple-touch-icon-57x57.png"/&gt;
	&lt;link rel="apple-touch-icon" sizes="60x60" href="/Content/SiteIcons/apple-touch-icon-60x60.png"/&gt;
	&lt;link rel="apple-touch-icon" sizes="72x72" href="/Content/SiteIcons/apple-touch-icon-72x72.png"/&gt;
	&lt;link rel="apple-touch-icon" sizes="76x76" href="/Content/SiteIcons/apple-touch-icon-76x76.png"/&gt;
	&lt;link rel="apple-touch-icon" sizes="114x114" href="/Content/SiteIcons/apple-touch-icon-114x114.png"/&gt;
	&lt;link rel="apple-touch-icon" sizes="120x120" href="/Content/SiteIcons/apple-touch-icon-120x120.png"/&gt;
	&lt;link rel="apple-touch-icon" sizes="144x144" href="/Content/SiteIcons/apple-touch-icon-144x144.png"/&gt;
	&lt;link rel="apple-touch-icon" sizes="152x152" href="/Content/SiteIcons/apple-touch-icon-152x152.png"/&gt;
	&lt;link rel="apple-touch-icon" sizes="180x180" href="/Content/SiteIcons/apple-touch-icon-180x180.png"/&gt;
	
	&lt;link rel="icon" type="image/png" href="/Content/SiteIcons/favicon-32x32.png" sizes="32x32"/&gt;
	&lt;link rel="icon" type="image/png" href="/Content/SiteIcons/android-chrome-192x192.png" sizes="192x192"/&gt;
	&lt;link rel="icon" type="image/png" href="/Content/SiteIcons/favicon-96x96.png" sizes="96x96"/&gt;
	&lt;link rel="icon" type="image/png" href="/Content/SiteIcons/favicon-16x16.png" sizes="16x16"/&gt;
	
	&lt;link rel="manifest" href="/manifest.json?v4"/&gt;

	

    &lt;title&gt;Verkkotuotteet - Jimms.fi&lt;/title&gt;

    
    &lt;link rel="preload" href="/Content/fonts/opensans.woff2" as="font" type="font/woff2" crossorigin&gt;
    &lt;link rel="preload" href="/Content/fonts/material-icons-round.woff2" as="font" type="font/woff2" crossorigin&gt;
    
    &lt;link async rel="stylesheet" type="text/css" href="/Content/libs.min.css?v=fl_8" /&gt;
    &lt;link defer rel="stylesheet" type="text/css" href="/Content/jimms.min.css?v=fl_45" /&gt;

    
    &lt;script type="text/javascript"&gt;
        var languageCode = "fi";

        window.defaultTheme = 'auto';
        

    &lt;/script&gt;
    &lt;script type="text/javascript" src="/Scripts/app.bundle.js?v=fl_6"&gt;&lt;/script&gt;
    &lt;script type="text/javascript" src="/Scripts/jimmsfi.min.js?v=fl_45"&gt;&lt;/script&gt;

    
    &lt;script type="text/javascript"&gt;
        viewModel.ShoppingCart = new jimmsfi.ShoppingCartViewModel(true, 0, 0);
        

        window.DY = window.DY || {};
        DY.userActiveConsent = { accepted: false }
        DY.recommendationContext = {
            type: 'CATEGORY', 
            data: ['Verkkotuotteet'],
            lng: 'fi_FI'
        };
    &lt;/script&gt;

    
    &lt;script type="text/javascript"&gt;
        
        window.dataLayer = window.dataLayer || [];
        function gtag() { dataLayer.push(arguments); }

        gtag('consent', 'default', {'functionality_storage':'granted','security_storage':'granted','analytics_storage':'denied','personalization_storage':'denied','ad_storage':'denied','ad_user_data': 'denied','ad_personalization':'denied',wait_for_update: 100}); 

        dataLayer.push({'event': 'page_information', 'pageType': 'category'});
        dataLayer.push({'event': 'page_Theme','pageTheme': window.currentTheme});

        window.gtm_consent = {'analytics_storage':'denied','personalization_storage':'denied','ad_storage':'denied','ad_user_data': 'denied','ad_personalization':'denied'};
        gtag('set', 'ads_data_redaction', true);
    &lt;/script&gt;

    &lt;script type="text/javascript" src="/Scripts/ui.bundle.js?v=fl_8"&gt;&lt;/script&gt;
    &lt;script type="text/javascript" src="/Scripts/elements.min.js?v=fl_25"&gt;&lt;/script&gt;

    
    
 

	&lt;!-- Google Tag Manager --&gt;
&lt;script&gt;(function(w,d,s,l,i){w[l]=w[l]||[];w[l].push({'gtm.start':
new Date().getTime(),event:'gtm.js'});var f=d.getElementsByTagName(s)[0],
j=d.createElement(s),dl=l!='dataLayer'?'&amp;l='+l:'';j.async=true;j.src=
'https://www.googletagmanager.com/gtm.js?id='+i+dl;f.parentNode.insertBefore(j,f);
})(window,document,'script','dataLayer','GTM-MTKJJ5');&lt;/script&gt;
&lt;!-- End Google Tag Manager --&gt;


    






 
    



    &lt;link rel="preconnect" href="//cdn-eu.dynamicyield.com"&gt;
    &lt;link rel="preconnect" href="//st-eu.dynamicyield.com"&gt;
    &lt;link rel="preconnect" href="//rcom-eu.dynamicyield.com"&gt;
    &lt;link rel="dns-prefetch" href="//cdn-eu.dynamicyield.com"&gt;
    &lt;link rel="dns-prefetch" href="//st-eu.dynamicyield.com"&gt;
    &lt;link rel="dns-prefetch" href="//rcom-eu.dynamicyield.com"&gt;


    &lt;script type="text/plain" data-category="analytics_cookies" src="//cdn-eu.dynamicyield.com/api/9879196/api_dynamic.js"&gt;&lt;/script&gt;
    &lt;script type="text/plain" data-category="analytics_cookies" src="//cdn-eu.dynamicyield.com/api/9879196/api_static.js"&gt;&lt;/script&gt; 


    
&lt;/head&gt;

&lt;body&gt;

[...]
<doc>Adds ``values`` to the end of ``list``.</doc>
<status status="PASS" start="2024-10-09T17:49:59.178406" elapsed="0.001007"/>
</kw>
<kw name="Sleep" owner="BuiltIn">
<msg time="2024-10-09T17:50:04.180890" level="INFO">Slept 5 seconds.</msg>
<arg>5</arg>
<doc>Pauses the test executed for the given time.</doc>
<status status="PASS" start="2024-10-09T17:49:59.179413" elapsed="5.001477"/>
</kw>
<kw name="Page Should Contain Link" owner="SeleniumLibrary">
<msg time="2024-10-09T17:50:04.224463" level="INFO">Current page contains link 'xpath:/html/body/main/div[2]/div/div[2]/div[5]/div/div[2]/product-box/div[2]/div[3]/addto-cart-wrapper/div/a'.</msg>
<arg>xpath:/html/body/main/div[2]/div/div[2]/div[5]/div/div[${Real_Index}]/product-box/div[2]/div[3]/addto-cart-wrapper/div/a</arg>
<doc>Verifies link identified by ``locator`` is found from current page.</doc>
<status status="PASS" start="2024-10-09T17:50:04.181998" elapsed="0.043470"/>
</kw>
<kw name="Click Link" owner="SeleniumLibrary">
<msg time="2024-10-09T17:50:04.226465" level="INFO">Clicking link 'xpath:/html/body/main/div[2]/div/div[2]/div[5]/div/div[2]/product-box/div[2]/div[3]/addto-cart-wrapper/div/a'.</msg>
<arg>xpath:/html/body/main/div[2]/div/div[2]/div[5]/div/div[${Real_Index}]/product-box/div[2]/div[3]/addto-cart-wrapper/div/a</arg>
<doc>Clicks a link identified by ``locator``.</doc>
<status status="PASS" start="2024-10-09T17:50:04.225468" elapsed="0.118834"/>
</kw>
<var name="${index}">1</var>
<status status="PASS" start="2024-10-09T17:49:58.475409" elapsed="5.868893"/>
</iter>
<iter>
<kw name="Set Variable" owner="BuiltIn">
<msg time="2024-10-09T17:50:04.348303" level="INFO">${Real_Index} = 3</msg>
<var>${Real_Index}</var>
<arg>${index + 1}</arg>
<doc>Returns the given values which can then be assigned to a variables.</doc>
<status status="PASS" start="2024-10-09T17:50:04.346309" elapsed="0.002996"/>
</kw>
<kw name="Set Variable" owner="BuiltIn">
<msg time="2024-10-09T17:50:04.352349" level="INFO">${Scroll_index} = 4</msg>
<var>${Scroll_index}</var>
<arg>${Real_Index + 1}</arg>
<doc>Returns the given values which can then be assigned to a variables.</doc>
<status status="PASS" start="2024-10-09T17:50:04.349305" elapsed="0.003998"/>
</kw>
<kw name="Scroll Element Into View" owner="SeleniumLibrary">
<arg>xpath:/html/body/main/div[2]/div/div[2]/div[5]/div/div[${Scroll_index}]</arg>
<doc>Scrolls the element identified by ``locator`` into view.</doc>
<status status="PASS" start="2024-10-09T17:50:04.354304" elapsed="0.379801"/>
</kw>
<kw name="Wait Until Page Contains Element" owner="SeleniumLibrary">
<arg>xpath:/html/body/main/div[2]/div/div[2]/div[5]/div/div[${Scroll_index}]</arg>
<arg>timeout=10s</arg>
<doc>Waits until the element ``locator`` appears on the current page.</doc>
<status status="PASS" start="2024-10-09T17:50:04.735218" elapsed="0.022748"/>
</kw>
<kw name="Get Text" owner="SeleniumLibrary">
<msg time="2024-10-09T17:50:04.802337" level="INFO">${productName} = Sony PS5 DualSense White, langaton peliohjain, valkoinen/musta</msg>
<var>${productName}</var>
<arg>xpath:/html/body/main/div[2]/div/div[2]/div[5]/div/div[${Real_Index}]/product-box/div[2]/div[2]/h5</arg>
<doc>Returns the text value of the element identified by ``locator``.</doc>
<status status="PASS" start="2024-10-09T17:50:04.757966" elapsed="0.044371"/>
</kw>
<kw name="Log" owner="BuiltIn">
<msg time="2024-10-09T17:50:04.803336" level="INFO">Sony PS5 DualSense White, langaton peliohjain, valkoinen/musta</msg>
<arg>${productName}</arg>
<doc>Logs the given message with the given level.</doc>
<status status="PASS" start="2024-10-09T17:50:04.802337" elapsed="0.000999"/>
</kw>
<kw name="Get Text" owner="SeleniumLibrary">
<msg time="2024-10-09T17:50:04.832338" level="INFO">${price} = 68,90 €</msg>
<var>${price}</var>
<arg>xpath:/html/body/main/div[2]/div/div[2]/div[5]/div/div[${Real_Index}]/product-box/div[2]/div[3]/div/span/span</arg>
<doc>Returns the text value of the element identified by ``locator``.</doc>
<status status="PASS" start="2024-10-09T17:50:04.803336" elapsed="0.030001"/>
</kw>
<kw name="Log" owner="BuiltIn">
<msg time="2024-10-09T17:50:04.833337" level="INFO">68,90 €</msg>
<arg>${price}</arg>
<doc>Logs the given message with the given level.</doc>
<status status="PASS" start="2024-10-09T17:50:04.833337" elapsed="0.000000"/>
</kw>
<kw name="Append To List" owner="Collections">
<arg>${price_List}</arg>
<arg>${price}</arg>
<doc>Adds ``values`` to the end of ``list``.</doc>
<status status="PASS" start="2024-10-09T17:50:04.834336" elapsed="0.000000"/>
</kw>
<kw name="Sleep" owner="BuiltIn">
<msg time="2024-10-09T17:50:09.834997" level="INFO">Slept 5 seconds.</msg>
<arg>5</arg>
<doc>Pauses the test executed for the given time.</doc>
<status status="PASS" start="2024-10-09T17:50:04.834336" elapsed="5.001655"/>
</kw>
<kw name="Page Should Contain Link" owner="SeleniumLibrary">
<msg time="2024-10-09T17:50:09.892981" level="INFO">Current page contains link 'xpath:/html/body/main/div[2]/div/div[2]/div[5]/div/div[3]/product-box/div[2]/div[3]/addto-cart-wrapper/div/a'.</msg>
<arg>xpath:/html/body/main/div[2]/div/div[2]/div[5]/div/div[${Real_Index}]/product-box/div[2]/div[3]/addto-cart-wrapper/div/a</arg>
<doc>Verifies link identified by ``locator`` is found from current page.</doc>
<status status="PASS" start="2024-10-09T17:50:09.836989" elapsed="0.055992"/>
</kw>
<kw name="Click Link" owner="SeleniumLibrary">
<msg time="2024-10-09T17:50:09.893980" level="INFO">Clicking link 'xpath:/html/body/main/div[2]/div/div[2]/div[5]/div/div[3]/product-box/div[2]/div[3]/addto-cart-wrapper/div/a'.</msg>
<arg>xpath:/html/body/main/div[2]/div/div[2]/div[5]/div/div[${Real_Index}]/product-box/div[2]/div[3]/addto-cart-wrapper/div/a</arg>
<doc>Clicks a link identified by ``locator``.</doc>
<status status="PASS" start="2024-10-09T17:50:09.893980" elapsed="0.128005"/>
</kw>
<var name="${index}">2</var>
<status status="PASS" start="2024-10-09T17:50:04.346309" elapsed="5.676673"/>
</iter>
<var>${index}</var>
<value>${NUMBER_OF_PRODUCTS}</value>
<status status="PASS" start="2024-10-09T17:49:52.608969" elapsed="17.414013"/>
</for>
<kw name="Log" owner="BuiltIn">
<msg time="2024-10-09T17:50:10.025985" level="INFO">['67,90 €', '60,90 €', '68,90 €']</msg>
<arg>${price_List}</arg>
<doc>Logs the given message with the given level.</doc>
<status status="PASS" start="2024-10-09T17:50:10.024985" elapsed="0.003001"/>
</kw>
<kw name="Set Global Variable" owner="BuiltIn">
<msg time="2024-10-09T17:50:10.034988" level="INFO">${price_List} = ['67,90 €', '60,90 €', '68,90 €']</msg>
<arg>${price_List}</arg>
<doc>Makes a variable available globally in all tests and suites.</doc>
<status status="PASS" start="2024-10-09T17:50:10.033984" elapsed="0.002011"/>
</kw>
<kw name="Run Keyword And Return Status" owner="BuiltIn">
<kw name="Element Should Be Visible" owner="SeleniumLibrary">
<msg time="2024-10-09T17:50:10.329052" level="INFO" html="true">&lt;/td&gt;&lt;/tr&gt;&lt;tr&gt;&lt;td colspan="3"&gt;&lt;a href="Screenshots/selenium-screenshot-1.png"&gt;&lt;img src="Screenshots/selenium-screenshot-1.png" width="800px"&gt;&lt;/a&gt;</msg>
<msg time="2024-10-09T17:50:10.329052" level="FAIL">Element with locator 'xpath:/html/body/div[4]/div/div[2]' not found.</msg>
<arg>xpath:/html/body/div[4]/div/div[2]</arg>
<doc>Verifies that the element identified by ``locator`` is visible.</doc>
<status status="FAIL" start="2024-10-09T17:50:10.041982" elapsed="0.298056">Element with locator 'xpath:/html/body/div[4]/div/div[2]' not found.</status>
</kw>
<msg time="2024-10-09T17:50:10.340038" level="INFO">${is_visible} = False</msg>
<var>${is_visible}</var>
<arg>Element Should Be Visible</arg>
<arg>xpath:/html/body/div[4]/div/div[2]</arg>
<doc>Runs the given keyword with given arguments and returns the status as a Boolean value.</doc>
<status status="PASS" start="2024-10-09T17:50:10.040982" elapsed="0.300058"/>
</kw>
<kw name="Run Keyword If" owner="BuiltIn">
<arg>${is_visible}</arg>
<arg>Click Button</arg>
<arg>xpath:/html/body/div[4]/div/div[2]/div/div[3]/span</arg>
<doc>Runs the given keyword with the given arguments, if ``condition`` is true.</doc>
<status status="PASS" start="2024-10-09T17:50:10.343037" elapsed="0.001001"/>
</kw>
<kw name="Wait Until Element Is Visible" owner="SeleniumLibrary">
<arg>xpath:/html/body/header/div/div[3]/jim-cart-dropdown/div/a/span/span</arg>
<doc>Waits until the element ``locator`` is visible.</doc>
<status status="PASS" start="2024-10-09T17:50:10.345038" elapsed="0.087000"/>
</kw>
<kw name="Click Link" owner="SeleniumLibrary">
<msg time="2024-10-09T17:50:10.552039" level="INFO">Clicking link 'xpath:/html/body/header/div/div[3]/jim-cart-dropdown/div/a'.</msg>
<arg>xpath:/html/body/header/div/div[3]/jim-cart-dropdown/div/a</arg>
<doc>Clicks a link identified by ``locator``.</doc>
<status status="PASS" start="2024-10-09T17:50:10.551040" elapsed="1.030043"/>
</kw>
<kw name="Sleep" owner="BuiltIn">
<msg time="2024-10-09T17:50:14.586427" level="INFO">Slept 3 seconds.</msg>
<arg>3</arg>
<doc>Pauses the test executed for the given time.</doc>
<status status="PASS" start="2024-10-09T17:50:11.585149" elapsed="3.002084"/>
</kw>
<status status="PASS" start="2024-10-09T17:49:47.030610" elapsed="27.559646"/>
</test>
<test id="s1-t10" name="Tarkista, että ostoskorin tuotteiden hintojen 'Summa' == 'Yhteensä'" line="176">
<kw name="Log" owner="BuiltIn">
<msg time="2024-10-09T17:50:14.601228" level="INFO">['67,90 €', '60,90 €', '68,90 €']</msg>
<arg>${price_List}</arg>
<doc>Logs the given message with the given level.</doc>
<status status="PASS" start="2024-10-09T17:50:14.600229" elapsed="0.001996"/>
</kw>
<kw name="Create List" owner="BuiltIn">
<msg time="2024-10-09T17:50:14.605225" level="INFO">@{new_price_list} = [ ]</msg>
<var>@{new_price_list}</var>
<doc>Returns a list containing given items.</doc>
<status status="PASS" start="2024-10-09T17:50:14.603226" elapsed="0.001999"/>
</kw>
<for flavor="IN">
<iter>
<kw name="Split String" owner="String">
<msg time="2024-10-09T17:50:14.609223" level="INFO">${element} = ['67,90 ', '']</msg>
<var>${element}</var>
<arg>${element}</arg>
<arg>€</arg>
<doc>Splits the ``string`` using ``separator`` as a delimiter string.</doc>
<status status="PASS" start="2024-10-09T17:50:14.608221" elapsed="0.002001"/>
</kw>
<kw name="Replace String" owner="String">
<msg time="2024-10-09T17:50:14.615237" level="INFO">${element} = 67.90 </msg>
<var>${element}</var>
<arg>${element[0]}</arg>
<arg>,</arg>
<arg>.</arg>
<doc>Replaces ``search_for`` in the given ``string`` with ``replace_with``.</doc>
<status status="PASS" start="2024-10-09T17:50:14.611221" elapsed="0.005004"/>
</kw>
<kw name="Log" owner="BuiltIn">
<msg time="2024-10-09T17:50:14.619220" level="INFO">67.90 </msg>
<arg>${element}</arg>
<doc>Logs the given message with the given level.</doc>
<status status="PASS" start="2024-10-09T17:50:14.617226" elapsed="0.002994"/>
</kw>
<kw name="Convert To Number" owner="BuiltIn">
<msg time="2024-10-09T17:50:14.621222" level="INFO">${element} = 67.9</msg>
<var>${element}</var>
<arg>${element}</arg>
<doc>Converts the given item to a floating point number.</doc>
<status status="PASS" start="2024-10-09T17:50:14.620220" elapsed="0.001002"/>
</kw>
<kw name="Append To List" owner="Collections">
<arg>${new_price_list}</arg>
<arg>${element}</arg>
<doc>Adds ``values`` to the end of ``list``.</doc>
<status status="PASS" start="2024-10-09T17:50:14.622220" elapsed="0.002002"/>
</kw>
<var name="${element}">67,90 €</var>
<status status="PASS" start="2024-10-09T17:50:14.608221" elapsed="0.016001"/>
</iter>
<iter>
<kw name="Split String" owner="String">
<msg time="2024-10-09T17:50:14.626219" level="INFO">${element} = ['60,90 ', '']</msg>
<var>${element}</var>
<arg>${element}</arg>
<arg>€</arg>
<doc>Splits the ``string`` using ``separator`` as a delimiter string.</doc>
<status status="PASS" start="2024-10-09T17:50:14.626219" elapsed="0.001002"/>
</kw>
<kw name="Replace String" owner="String">
<msg time="2024-10-09T17:50:14.629234" level="INFO">${element} = 60.90 </msg>
<var>${element}</var>
<arg>${element[0]}</arg>
<arg>,</arg>
<arg>.</arg>
<doc>Replaces ``search_for`` in the given ``string`` with ``replace_with``.</doc>
<status status="PASS" start="2024-10-09T17:50:14.627221" elapsed="0.002013"/>
</kw>
<kw name="Log" owner="BuiltIn">
<msg time="2024-10-09T17:50:14.630220" level="INFO">60.90 </msg>
<arg>${element}</arg>
<doc>Logs the given message with the given level.</doc>
<status status="PASS" start="2024-10-09T17:50:14.630220" elapsed="0.000999"/>
</kw>
<kw name="Convert To Number" owner="BuiltIn">
<msg time="2024-10-09T17:50:14.632220" level="INFO">${element} = 60.9</msg>
<var>${element}</var>
<arg>${element}</arg>
<doc>Converts the given item to a floating point number.</doc>
<status status="PASS" start="2024-10-09T17:50:14.631219" elapsed="0.001001"/>
</kw>
<kw name="Append To List" owner="Collections">
<arg>${new_price_list}</arg>
<arg>${element}</arg>
<doc>Adds ``values`` to the end of ``list``.</doc>
<status status="PASS" start="2024-10-09T17:50:14.633221" elapsed="0.000999"/>
</kw>
<var name="${element}">60,90 €</var>
<status status="PASS" start="2024-10-09T17:50:14.625232" elapsed="0.009990"/>
</iter>
<iter>
<kw name="Split String" owner="String">
<msg time="2024-10-09T17:50:14.638220" level="INFO">${element} = ['68,90 ', '']</msg>
<var>${element}</var>
<arg>${element}</arg>
<arg>€</arg>
<doc>Splits the ``string`` using ``separator`` as a delimiter string.</doc>
<status status="PASS" start="2024-10-09T17:50:14.637222" elapsed="0.001997"/>
</kw>
<kw name="Replace String" owner="String">
<msg time="2024-10-09T17:50:14.642231" level="INFO">${element} = 68.90 </msg>
<var>${element}</var>
<arg>${element[0]}</arg>
<arg>,</arg>
<arg>.</arg>
<doc>Replaces ``search_for`` in the given ``string`` with ``replace_with``.</doc>
<status status="PASS" start="2024-10-09T17:50:14.640222" elapsed="0.002009"/>
</kw>
<kw name="Log" owner="BuiltIn">
<msg time="2024-10-09T17:50:14.643220" level="INFO">68.90 </msg>
<arg>${element}</arg>
<doc>Logs the given message with the given level.</doc>
<status status="PASS" start="2024-10-09T17:50:14.643220" elapsed="0.001000"/>
</kw>
<kw name="Convert To Number" owner="BuiltIn">
<msg time="2024-10-09T17:50:14.645221" level="INFO">${element} = 68.9</msg>
<var>${element}</var>
<arg>${element}</arg>
<doc>Converts the given item to a floating point number.</doc>
<status status="PASS" start="2024-10-09T17:50:14.644220" elapsed="0.002000"/>
</kw>
<kw name="Append To List" owner="Collections">
<arg>${new_price_list}</arg>
<arg>${element}</arg>
<doc>Adds ``values`` to the end of ``list``.</doc>
<status status="PASS" start="2024-10-09T17:50:14.647221" elapsed="0.004005"/>
</kw>
<var name="${element}">68,90 €</var>
<status status="PASS" start="2024-10-09T17:50:14.636219" elapsed="0.016018"/>
</iter>
<var>${element}</var>
<value>@{price_List}</value>
<status status="PASS" start="2024-10-09T17:50:14.607224" elapsed="0.045997"/>
</for>
<kw name="Log" owner="BuiltIn">
<msg time="2024-10-09T17:50:14.668220" level="INFO">[67.9, 60.9, 68.9]</msg>
<arg>${new_price_list}</arg>
<doc>Logs the given message with the given level.</doc>
<status status="PASS" start="2024-10-09T17:50:14.666224" elapsed="0.002996"/>
</kw>
<kw name="Evaluate" owner="BuiltIn">
<msg time="2024-10-09T17:50:14.674221" level="INFO">${totalSum} = 197.7</msg>
<var>${totalSum}</var>
<arg>round(sum([float(x) for x in ${new_price_list}]), 2)</arg>
<doc>Evaluates the given expression in Python and returns the result.</doc>
<status status="PASS" start="2024-10-09T17:50:14.672221" elapsed="0.002000"/>
</kw>
<kw name="Log" owner="BuiltIn">
<msg time="2024-10-09T17:50:14.676221" level="INFO">197.7</msg>
<arg>${totalSum}</arg>
<doc>Logs the given message with the given level.</doc>
<status status="PASS" start="2024-10-09T17:50:14.676221" elapsed="0.001003"/>
</kw>
<kw name="Get Text" owner="SeleniumLibrary">
<msg time="2024-10-09T17:50:14.725224" level="INFO">${total_Cost} = 197,70 €</msg>
<var>${total_Cost}</var>
<arg>xpath:/html/body/main/div/div/div/div[2]/div/div[1]/ul/li[5]/span</arg>
<doc>Returns the text value of the element identified by ``locator``.</doc>
<status status="PASS" start="2024-10-09T17:50:14.678221" elapsed="0.047003"/>
</kw>
<kw name="Split String" owner="String">
<msg time="2024-10-09T17:50:14.729222" level="INFO">${total_Cost} = ['197,70', '€']</msg>
<var>${total_Cost}</var>
<arg>${total_Cost}</arg>
<doc>Splits the ``string`` using ``separator`` as a delimiter string.</doc>
<status status="PASS" start="2024-10-09T17:50:14.728222" elapsed="0.001000"/>
</kw>
<kw name="Replace String" owner="String">
<msg time="2024-10-09T17:50:14.733222" level="INFO">${total_Cost} = 197.70</msg>
<var>${total_Cost}</var>
<arg>${total_Cost}[0]</arg>
<arg>,</arg>
<arg>.</arg>
<doc>Replaces ``search_for`` in the given ``string`` with ``replace_with``.</doc>
<status status="PASS" start="2024-10-09T17:50:14.732225" elapsed="0.000997"/>
</kw>
<kw name="Convert To Number" owner="BuiltIn">
<msg time="2024-10-09T17:50:14.738223" level="INFO">${total_Cost} = 197.7</msg>
<var>${total_Cost}</var>
<arg>${total_Cost}</arg>
<doc>Converts the given item to a floating point number.</doc>
<status status="PASS" start="2024-10-09T17:50:14.737222" elapsed="0.001001"/>
</kw>
<kw name="Log" owner="BuiltIn">
<msg time="2024-10-09T17:50:14.741226" level="INFO">197.7</msg>
<arg>${total_Cost}</arg>
<doc>Logs the given message with the given level.</doc>
<status status="PASS" start="2024-10-09T17:50:14.740220" elapsed="0.001006"/>
</kw>
<kw name="Should Be Equal" owner="BuiltIn">
<arg>${totalSum}</arg>
<arg>${total_Cost}</arg>
<doc>Fails if the given objects are unequal.</doc>
<status status="PASS" start="2024-10-09T17:50:14.743222" elapsed="0.000000"/>
</kw>
<status status="PASS" start="2024-10-09T17:50:14.597234" elapsed="0.147987"/>
</test>
<status status="PASS" start="2024-10-09T17:49:20.170586" elapsed="54.577636"/>
</suite>
<statistics>
<total>
<stat pass="10" fail="0" skip="0">All Tests</stat>
</total>
<tag>
</tag>
<suite>
<stat pass="10" fail="0" skip="0" id="s1" name="Jimms lisatestit">Jimms lisatestit</stat>
</suite>
</statistics>
<errors>
<msg time="2024-10-09T17:49:27.499681" level="WARN">Keyword 'RequestsLibrary.Get Request' is deprecated. Please use `GET On Session` instead.</msg>
<msg time="2024-10-09T17:49:27.787125" level="WARN">Keyword 'RequestsLibrary.Get Request' is deprecated. Please use `GET On Session` instead.</msg>
<msg time="2024-10-09T17:49:27.897119" level="WARN">Keyword 'RequestsLibrary.Get Request' is deprecated. Please use `GET On Session` instead.</msg>
<msg time="2024-10-09T17:49:28.000117" level="WARN">Keyword 'RequestsLibrary.Get Request' is deprecated. Please use `GET On Session` instead.</msg>
<msg time="2024-10-09T17:49:28.114123" level="WARN">Keyword 'RequestsLibrary.Get Request' is deprecated. Please use `GET On Session` instead.</msg>
<msg time="2024-10-09T17:49:28.204117" level="WARN">Keyword 'RequestsLibrary.Get Request' is deprecated. Please use `GET On Session` instead.</msg>
<msg time="2024-10-09T17:49:28.293122" level="WARN">Keyword 'RequestsLibrary.Get Request' is deprecated. Please use `GET On Session` instead.</msg>
<msg time="2024-10-09T17:49:28.393118" level="WARN">Keyword 'RequestsLibrary.Get Request' is deprecated. Please use `GET On Session` instead.</msg>
<msg time="2024-10-09T17:49:28.592163" level="WARN">Keyword 'RequestsLibrary.Get Request' is deprecated. Please use `GET On Session` instead.</msg>
<msg time="2024-10-09T17:49:28.763164" level="WARN">Keyword 'RequestsLibrary.Get Request' is deprecated. Please use `GET On Session` instead.</msg>
<msg time="2024-10-09T17:49:28.853167" level="WARN">Keyword 'RequestsLibrary.Get Request' is deprecated. Please use `GET On Session` instead.</msg>
<msg time="2024-10-09T17:49:28.927167" level="ERROR">ERROR: Page /Kampanjat not found! Status code: 404</msg>
</errors>
</robot>
